\BOOKMARK [0][-]{chapter.1}{\376\377\000S\000y\000n\000t\000a\000x\000T\000u\000t\000o\000r\000:\000\040\000A\000n\000\040\000i\000n\000t\000e\000r\000a\000c\000t\000i\000v\000e\000\040\000T\000o\000o\000l\000\040\000f\000o\000r\000\040\000L\000e\000a\000r\000n\000i\000n\000g\000\040\000S\000y\000n\000t\000a\000x\000\040\000A\000n\000a\000l\000y\000s\000i\000s\000\040}{}% 1
\BOOKMARK [1][-]{section.1.1}{\376\377\330\074\337\223\000\040\000A\000c\000a\000d\000e\000m\000i\000c\000\040\000C\000o\000n\000t\000e\000x\000t}{chapter.1}% 2
\BOOKMARK [1][-]{section.1.2}{\376\377\330\074\337\257\000\040\000K\000e\000y\000\040\000F\000e\000a\000t\000u\000r\000e\000s}{chapter.1}% 3
\BOOKMARK [1][-]{section.1.3}{\376\377\330\075\335\274\376\017\000\040\000I\000n\000t\000e\000r\000f\000a\000c\000e\000\040\000S\000c\000r\000e\000e\000n\000s\000h\000o\000t\000s}{chapter.1}% 4
\BOOKMARK [2][-]{subsection.1.3.1}{\376\377\330\074\337\340\000\040\000M\000a\000i\000n\000\040\000M\000e\000n\000u}{section.1.3}% 5
\BOOKMARK [2][-]{subsection.1.3.2}{\376\377\330\075\334\330\000\040\000L\000L\000\050\0001\000\051\000\040\000L\000e\000a\000r\000n\000i\000n\000g\000\040\000M\000o\000d\000e}{section.1.3}% 6
\BOOKMARK [2][-]{subsection.1.3.3}{\376\377\330\076\335\340\000\040\000S\000L\000R\000\050\0001\000\051\000\040\000L\000e\000a\000r\000n\000i\000n\000g\000\040\000M\000o\000d\000e}{section.1.3}% 7
\BOOKMARK [2][-]{subsection.1.3.4}{\376\377\047\050\000\040\000A\000s\000s\000i\000s\000t\000e\000d\000\040\000M\000o\000d\000e\000:\000\040\000G\000u\000i\000d\000e\000d\000\040\000T\000a\000b\000l\000e\000\040\000C\000o\000m\000p\000l\000e\000t\000i\000o\000n}{section.1.3}% 8
\BOOKMARK [1][-]{section.1.4}{\376\377\330\075\336\340\376\017\000\040\000T\000e\000c\000h\000n\000o\000l\000o\000g\000i\000e\000s\000\040\000U\000s\000e\000d}{chapter.1}% 9
\BOOKMARK [1][-]{section.1.5}{\376\377\330\075\334\346\000\040\000D\000o\000w\000n\000l\000o\000a\000d\000s}{chapter.1}% 10
\BOOKMARK [1][-]{section.1.6}{\376\377\330\075\336\340\376\017\000\040\000B\000u\000i\000l\000d\000i\000n\000g\000\040\000f\000r\000o\000m\000\040\000S\000o\000u\000r\000c\000e}{chapter.1}% 11
\BOOKMARK [2][-]{subsection.1.6.1}{\376\377\330\075\334\332\000\040\000D\000o\000c\000u\000m\000e\000n\000t\000a\000t\000i\000o\000n}{section.1.6}% 12
\BOOKMARK [0][-]{chapter.2}{\376\377\000C\000h\000a\000n\000g\000e\000l\000o\000g\000\040}{}% 13
\BOOKMARK [1][-]{section.2.1}{\376\377\000[\0001\000.\0000\000.\0004\000]\000\040\000-\000\040\0002\0000\0002\0005\000-\0001\0001\000-\0000\0007}{chapter.2}% 14
\BOOKMARK [2][-]{subsection.2.1.1}{\376\377\000A\000d\000d\000e\000d}{section.2.1}% 15
\BOOKMARK [2][-]{subsection.2.1.2}{\376\377\000F\000i\000x\000e\000d}{section.2.1}% 16
\BOOKMARK [1][-]{section.2.2}{\376\377\000[\0001\000.\0000\000.\0003\000]\000\040\000-\000\040\0002\0000\0002\0005\000-\0001\0001\000-\0000\0004}{chapter.2}% 17
\BOOKMARK [2][-]{subsection.2.2.1}{\376\377\000A\000d\000d\000e\000d}{section.2.2}% 18
\BOOKMARK [2][-]{subsection.2.2.2}{\376\377\000F\000i\000x\000e\000d}{section.2.2}% 19
\BOOKMARK [1][-]{section.2.3}{\376\377\000[\0001\000.\0000\000.\0002\000]\000\040\000-\000\040\0002\0000\0002\0005\000-\0000\0007\000-\0001\0006}{chapter.2}% 20
\BOOKMARK [2][-]{subsection.2.3.1}{\376\377\000A\000d\000d\000e\000d}{section.2.3}% 21
\BOOKMARK [2][-]{subsection.2.3.2}{\376\377\000F\000i\000x\000e\000d}{section.2.3}% 22
\BOOKMARK [1][-]{section.2.4}{\376\377\000[\0001\000.\0000\000.\0001\000]\000\040\000-\000\040\0002\0000\0002\0005\000-\0000\0006\000-\0001\0007}{chapter.2}% 23
\BOOKMARK [2][-]{subsection.2.4.1}{\376\377\000A\000d\000d\000e\000d}{section.2.4}% 24
\BOOKMARK [2][-]{subsection.2.4.2}{\376\377\000F\000i\000x\000e\000d}{section.2.4}% 25
\BOOKMARK [2][-]{subsection.2.4.3}{\376\377\000Q\000u\000a\000l\000i\000t\000y}{section.2.4}% 26
\BOOKMARK [1][-]{section.2.5}{\376\377\000[\0001\000.\0000\000.\0000\000]\000\040\000-\000\040\0002\0000\0002\0005\000-\0000\0006\000-\0001\0005}{chapter.2}% 27
\BOOKMARK [2][-]{subsection.2.5.1}{\376\377\000I\000n\000i\000t\000i\000a\000l\000\040\000R\000e\000l\000e\000a\000s\000e}{section.2.5}% 28
\BOOKMARK [0][-]{chapter.3}{\376\377\000D\000i\000r\000e\000c\000t\000o\000r\000y\000\040\000H\000i\000e\000r\000a\000r\000c\000h\000y}{}% 29
\BOOKMARK [1][-]{section.3.1}{\376\377\000D\000i\000r\000e\000c\000t\000o\000r\000i\000e\000s}{chapter.3}% 30
\BOOKMARK [0][-]{chapter.4}{\376\377\000N\000a\000m\000e\000s\000p\000a\000c\000e\000\040\000I\000n\000d\000e\000x}{}% 31
\BOOKMARK [1][-]{section.4.1}{\376\377\000N\000a\000m\000e\000s\000p\000a\000c\000e\000\040\000L\000i\000s\000t}{chapter.4}% 32
\BOOKMARK [0][-]{chapter.5}{\376\377\000H\000i\000e\000r\000a\000r\000c\000h\000i\000c\000a\000l\000\040\000I\000n\000d\000e\000x}{}% 33
\BOOKMARK [1][-]{section.5.1}{\376\377\000C\000l\000a\000s\000s\000\040\000H\000i\000e\000r\000a\000r\000c\000h\000y}{chapter.5}% 34
\BOOKMARK [0][-]{chapter.6}{\376\377\000C\000l\000a\000s\000s\000\040\000I\000n\000d\000e\000x}{}% 35
\BOOKMARK [1][-]{section.6.1}{\376\377\000C\000l\000a\000s\000s\000\040\000L\000i\000s\000t}{chapter.6}% 36
\BOOKMARK [0][-]{chapter.7}{\376\377\000F\000i\000l\000e\000\040\000I\000n\000d\000e\000x}{}% 37
\BOOKMARK [1][-]{section.7.1}{\376\377\000F\000i\000l\000e\000\040\000L\000i\000s\000t}{chapter.7}% 38
\BOOKMARK [0][-]{chapter.8}{\376\377\000D\000i\000r\000e\000c\000t\000o\000r\000y\000\040\000D\000o\000c\000u\000m\000e\000n\000t\000a\000t\000i\000o\000n}{}% 39
\BOOKMARK [1][-]{section.8.1}{\376\377\000b\000a\000c\000k\000e\000n\000d\000\040\000D\000i\000r\000e\000c\000t\000o\000r\000y\000\040\000R\000e\000f\000e\000r\000e\000n\000c\000e}{chapter.8}% 40
\BOOKMARK [0][-]{chapter.9}{\376\377\000N\000a\000m\000e\000s\000p\000a\000c\000e\000\040\000D\000o\000c\000u\000m\000e\000n\000t\000a\000t\000i\000o\000n}{}% 41
\BOOKMARK [1][-]{section.9.1}{\376\377\000S\000y\000n\000t\000a\000x\000T\000u\000t\000o\000r\000\040\000N\000a\000m\000e\000s\000p\000a\000c\000e\000\040\000R\000e\000f\000e\000r\000e\000n\000c\000e}{chapter.9}% 42
\BOOKMARK [1][-]{section.9.2}{\376\377\000S\000y\000n\000t\000a\000x\000T\000u\000t\000o\000r\000:\000:\000V\000e\000r\000s\000i\000o\000n\000\040\000N\000a\000m\000e\000s\000p\000a\000c\000e\000\040\000R\000e\000f\000e\000r\000e\000n\000c\000e}{chapter.9}% 43
\BOOKMARK [2][-]{subsection.9.2.1}{\376\377\000F\000u\000n\000c\000t\000i\000o\000n\000\040\000D\000o\000c\000u\000m\000e\000n\000t\000a\000t\000i\000o\000n}{section.9.2}% 44
\BOOKMARK [3][-]{subsubsection.9.2.1.1}{\376\377\000c\000u\000r\000r\000e\000n\000t\000\050\000\051}{subsection.9.2.1}% 45
\BOOKMARK [3][-]{subsubsection.9.2.1.2}{\376\377\000r\000a\000w\000\050\000\051}{subsection.9.2.1}% 46
\BOOKMARK [0][-]{chapter.10}{\376\377\000C\000l\000a\000s\000s\000\040\000D\000o\000c\000u\000m\000e\000n\000t\000a\000t\000i\000o\000n}{}% 47
\BOOKMARK [1][-]{section.10.1}{\376\377\000C\000e\000n\000t\000e\000r\000A\000l\000i\000g\000n\000D\000e\000l\000e\000g\000a\000t\000e\000\040\000C\000l\000a\000s\000s\000\040\000R\000e\000f\000e\000r\000e\000n\000c\000e}{chapter.10}% 48
\BOOKMARK [2][-]{subsection.10.1.1}{\376\377\000M\000e\000m\000b\000e\000r\000\040\000F\000u\000n\000c\000t\000i\000o\000n\000\040\000D\000o\000c\000u\000m\000e\000n\000t\000a\000t\000i\000o\000n}{section.10.1}% 49
\BOOKMARK [3][-]{subsubsection.10.1.1.1}{\376\377\000i\000n\000i\000t\000S\000t\000y\000l\000e\000O\000p\000t\000i\000o\000n\000\050\000\051\000\040\000[\0001\000/\0002\000]}{subsection.10.1.1}% 50
\BOOKMARK [3][-]{subsubsection.10.1.1.2}{\376\377\000i\000n\000i\000t\000S\000t\000y\000l\000e\000O\000p\000t\000i\000o\000n\000\050\000\051\000\040\000[\0002\000/\0002\000]}{subsection.10.1.1}% 51
\BOOKMARK [1][-]{section.10.2}{\376\377\000C\000u\000s\000t\000o\000m\000T\000e\000x\000t\000E\000d\000i\000t\000\040\000C\000l\000a\000s\000s\000\040\000R\000e\000f\000e\000r\000e\000n\000c\000e}{chapter.10}% 52
\BOOKMARK [2][-]{subsection.10.2.1}{\376\377\000C\000o\000n\000s\000t\000r\000u\000c\000t\000o\000r\000\040\000\046\000\040\000D\000e\000s\000t\000r\000u\000c\000t\000o\000r\000\040\000D\000o\000c\000u\000m\000e\000n\000t\000a\000t\000i\000o\000n}{section.10.2}% 53
\BOOKMARK [3][-]{subsubsection.10.2.1.1}{\376\377\000C\000u\000s\000t\000o\000m\000T\000e\000x\000t\000E\000d\000i\000t\000\050\000\051}{subsection.10.2.1}% 54
\BOOKMARK [2][-]{subsection.10.2.2}{\376\377\000M\000e\000m\000b\000e\000r\000\040\000F\000u\000n\000c\000t\000i\000o\000n\000\040\000D\000o\000c\000u\000m\000e\000n\000t\000a\000t\000i\000o\000n}{section.10.2}% 55
\BOOKMARK [3][-]{subsubsection.10.2.2.1}{\376\377\000k\000e\000y\000P\000r\000e\000s\000s\000E\000v\000e\000n\000t\000\050\000\051}{subsection.10.2.2}% 56
\BOOKMARK [3][-]{subsubsection.10.2.2.2}{\376\377\000s\000e\000n\000d\000R\000e\000q\000u\000e\000s\000t\000e\000d}{subsection.10.2.2}% 57
\BOOKMARK [1][-]{section.10.3}{\376\377\000G\000r\000a\000m\000m\000a\000r\000F\000a\000c\000t\000o\000r\000y\000:\000:\000F\000a\000c\000t\000o\000r\000y\000I\000t\000e\000m\000\040\000S\000t\000r\000u\000c\000t\000\040\000R\000e\000f\000e\000r\000e\000n\000c\000e}{chapter.10}% 58
\BOOKMARK [2][-]{subsection.10.3.1}{\376\377\000D\000e\000t\000a\000i\000l\000e\000d\000\040\000D\000e\000s\000c\000r\000i\000p\000t\000i\000o\000n}{section.10.3}% 59
\BOOKMARK [2][-]{subsection.10.3.2}{\376\377\000C\000o\000n\000s\000t\000r\000u\000c\000t\000o\000r\000\040\000\046\000\040\000D\000e\000s\000t\000r\000u\000c\000t\000o\000r\000\040\000D\000o\000c\000u\000m\000e\000n\000t\000a\000t\000i\000o\000n}{section.10.3}% 60
\BOOKMARK [3][-]{subsubsection.10.3.2.1}{\376\377\000F\000a\000c\000t\000o\000r\000y\000I\000t\000e\000m\000\050\000\051}{subsection.10.3.2}% 61
\BOOKMARK [2][-]{subsection.10.3.3}{\376\377\000M\000e\000m\000b\000e\000r\000\040\000D\000a\000t\000a\000\040\000D\000o\000c\000u\000m\000e\000n\000t\000a\000t\000i\000o\000n}{section.10.3}% 62
\BOOKMARK [3][-]{subsubsection.10.3.3.1}{\376\377\000g\000\137}{subsection.10.3.3}% 63
\BOOKMARK [3][-]{subsubsection.10.3.3.2}{\376\377\000s\000t\000\137}{subsection.10.3.3}% 64
\BOOKMARK [1][-]{section.10.4}{\376\377\000G\000r\000a\000m\000m\000a\000r\000\040\000S\000t\000r\000u\000c\000t\000\040\000R\000e\000f\000e\000r\000e\000n\000c\000e}{chapter.10}% 65
\BOOKMARK [2][-]{subsection.10.4.1}{\376\377\000D\000e\000t\000a\000i\000l\000e\000d\000\040\000D\000e\000s\000c\000r\000i\000p\000t\000i\000o\000n}{section.10.4}% 66
\BOOKMARK [2][-]{subsection.10.4.2}{\376\377\000C\000o\000n\000s\000t\000r\000u\000c\000t\000o\000r\000\040\000\046\000\040\000D\000e\000s\000t\000r\000u\000c\000t\000o\000r\000\040\000D\000o\000c\000u\000m\000e\000n\000t\000a\000t\000i\000o\000n}{section.10.4}% 67
\BOOKMARK [3][-]{subsubsection.10.4.2.1}{\376\377\000G\000r\000a\000m\000m\000a\000r\000\050\000\051\000\040\000[\0001\000/\0002\000]}{subsection.10.4.2}% 68
\BOOKMARK [3][-]{subsubsection.10.4.2.2}{\376\377\000G\000r\000a\000m\000m\000a\000r\000\050\000\051\000\040\000[\0002\000/\0002\000]}{subsection.10.4.2}% 69
\BOOKMARK [2][-]{subsection.10.4.3}{\376\377\000M\000e\000m\000b\000e\000r\000\040\000F\000u\000n\000c\000t\000i\000o\000n\000\040\000D\000o\000c\000u\000m\000e\000n\000t\000a\000t\000i\000o\000n}{section.10.4}% 70
\BOOKMARK [3][-]{subsubsection.10.4.3.1}{\376\377\000A\000d\000d\000P\000r\000o\000d\000u\000c\000t\000i\000o\000n\000\050\000\051}{subsection.10.4.3}% 71
\BOOKMARK [3][-]{subsubsection.10.4.3.2}{\376\377\000D\000e\000b\000u\000g\000\050\000\051}{subsection.10.4.3}% 72
\BOOKMARK [3][-]{subsubsection.10.4.3.3}{\376\377\000F\000i\000l\000t\000e\000r\000R\000u\000l\000e\000s\000B\000y\000C\000o\000n\000s\000e\000q\000u\000e\000n\000t\000\050\000\051}{subsection.10.4.3}% 73
\BOOKMARK [3][-]{subsubsection.10.4.3.4}{\376\377\000H\000a\000s\000E\000m\000p\000t\000y\000P\000r\000o\000d\000u\000c\000t\000i\000o\000n\000\050\000\051}{subsection.10.4.3}% 74
\BOOKMARK [3][-]{subsubsection.10.4.3.5}{\376\377\000S\000e\000t\000A\000x\000i\000o\000m\000\050\000\051}{subsection.10.4.3}% 75
\BOOKMARK [3][-]{subsubsection.10.4.3.6}{\376\377\000S\000p\000l\000i\000t\000\050\000\051}{subsection.10.4.3}% 76
\BOOKMARK [2][-]{subsection.10.4.4}{\376\377\000M\000e\000m\000b\000e\000r\000\040\000D\000a\000t\000a\000\040\000D\000o\000c\000u\000m\000e\000n\000t\000a\000t\000i\000o\000n}{section.10.4}% 77
\BOOKMARK [3][-]{subsubsection.10.4.4.1}{\376\377\000a\000x\000i\000o\000m\000\137}{subsection.10.4.4}% 78
\BOOKMARK [3][-]{subsubsection.10.4.4.2}{\376\377\000g\000\137}{subsection.10.4.4}% 79
\BOOKMARK [3][-]{subsubsection.10.4.4.3}{\376\377\000s\000t\000\137}{subsection.10.4.4}% 80
\BOOKMARK [1][-]{section.10.5}{\376\377\000G\000r\000a\000m\000m\000a\000r\000F\000a\000c\000t\000o\000r\000y\000\040\000S\000t\000r\000u\000c\000t\000\040\000R\000e\000f\000e\000r\000e\000n\000c\000e}{chapter.10}% 81
\BOOKMARK [2][-]{subsection.10.5.1}{\376\377\000D\000e\000t\000a\000i\000l\000e\000d\000\040\000D\000e\000s\000c\000r\000i\000p\000t\000i\000o\000n}{section.10.5}% 82
\BOOKMARK [2][-]{subsection.10.5.2}{\376\377\000M\000e\000m\000b\000e\000r\000\040\000F\000u\000n\000c\000t\000i\000o\000n\000\040\000D\000o\000c\000u\000m\000e\000n\000t\000a\000t\000i\000o\000n}{section.10.5}% 83
\BOOKMARK [3][-]{subsubsection.10.5.2.1}{\376\377\000A\000d\000j\000u\000s\000t\000T\000e\000r\000m\000i\000n\000a\000l\000s\000\050\000\051}{subsection.10.5.2}% 84
\BOOKMARK [3][-]{subsubsection.10.5.2.2}{\376\377\000C\000r\000e\000a\000t\000e\000L\000v\0002\000I\000t\000e\000m\000\050\000\051}{subsection.10.5.2}% 85
\BOOKMARK [3][-]{subsubsection.10.5.2.3}{\376\377\000G\000e\000n\000e\000r\000a\000t\000e\000N\000e\000w\000N\000o\000n\000T\000e\000r\000m\000i\000n\000a\000l\000\050\000\051}{subsection.10.5.2}% 86
\BOOKMARK [3][-]{subsubsection.10.5.2.4}{\376\377\000G\000e\000n\000L\000L\0001\000G\000r\000a\000m\000m\000a\000r\000\050\000\051}{subsection.10.5.2}% 87
\BOOKMARK [3][-]{subsubsection.10.5.2.5}{\376\377\000G\000e\000n\000S\000L\000R\0001\000G\000r\000a\000m\000m\000a\000r\000\050\000\051}{subsection.10.5.2}% 88
\BOOKMARK [3][-]{subsubsection.10.5.2.6}{\376\377\000H\000a\000s\000C\000y\000c\000l\000e\000\050\000\051}{subsection.10.5.2}% 89
\BOOKMARK [3][-]{subsubsection.10.5.2.7}{\376\377\000H\000a\000s\000D\000i\000r\000e\000c\000t\000L\000e\000f\000t\000R\000e\000c\000u\000r\000s\000i\000o\000n\000\050\000\051}{subsection.10.5.2}% 90
\BOOKMARK [3][-]{subsubsection.10.5.2.8}{\376\377\000H\000a\000s\000I\000n\000d\000i\000r\000e\000c\000t\000L\000e\000f\000t\000R\000e\000c\000u\000r\000s\000i\000o\000n\000\050\000\051}{subsection.10.5.2}% 91
\BOOKMARK [3][-]{subsubsection.10.5.2.9}{\376\377\000H\000a\000s\000U\000n\000r\000e\000a\000c\000h\000a\000b\000l\000e\000S\000y\000m\000b\000o\000l\000s\000\050\000\051}{subsection.10.5.2}% 92
\BOOKMARK [3][-]{subsubsection.10.5.2.10}{\376\377\000I\000n\000i\000t\000\050\000\051}{subsection.10.5.2}% 93
\BOOKMARK [3][-]{subsubsection.10.5.2.11}{\376\377\000I\000s\000I\000n\000f\000i\000n\000i\000t\000e\000\050\000\051}{subsection.10.5.2}% 94
\BOOKMARK [3][-]{subsubsection.10.5.2.12}{\376\377\000L\000e\000f\000t\000F\000a\000c\000t\000o\000r\000i\000z\000e\000\050\000\051}{subsection.10.5.2}% 95
\BOOKMARK [3][-]{subsubsection.10.5.2.13}{\376\377\000L\000o\000n\000g\000e\000s\000t\000C\000o\000m\000m\000o\000n\000P\000r\000e\000f\000i\000x\000\050\000\051}{subsection.10.5.2}% 96
\BOOKMARK [3][-]{subsubsection.10.5.2.14}{\376\377\000L\000v\0001\000\050\000\051}{subsection.10.5.2}% 97
\BOOKMARK [3][-]{subsubsection.10.5.2.15}{\376\377\000L\000v\0002\000\050\000\051}{subsection.10.5.2}% 98
\BOOKMARK [3][-]{subsubsection.10.5.2.16}{\376\377\000L\000v\0003\000\050\000\051}{subsection.10.5.2}% 99
\BOOKMARK [3][-]{subsubsection.10.5.2.17}{\376\377\000L\000v\0004\000\050\000\051}{subsection.10.5.2}% 100
\BOOKMARK [3][-]{subsubsection.10.5.2.18}{\376\377\000L\000v\0005\000\050\000\051}{subsection.10.5.2}% 101
\BOOKMARK [3][-]{subsubsection.10.5.2.19}{\376\377\000L\000v\0006\000\050\000\051}{subsection.10.5.2}% 102
\BOOKMARK [3][-]{subsubsection.10.5.2.20}{\376\377\000L\000v\0007\000\050\000\051}{subsection.10.5.2}% 103
\BOOKMARK [3][-]{subsubsection.10.5.2.21}{\376\377\000M\000e\000r\000g\000e\000\050\000\051}{subsection.10.5.2}% 104
\BOOKMARK [3][-]{subsubsection.10.5.2.22}{\376\377\000N\000o\000r\000m\000a\000l\000i\000z\000e\000N\000o\000n\000T\000e\000r\000m\000i\000n\000a\000l\000s\000\050\000\051}{subsection.10.5.2}% 105
\BOOKMARK [3][-]{subsubsection.10.5.2.23}{\376\377\000N\000u\000l\000l\000a\000b\000l\000e\000S\000y\000m\000b\000o\000l\000s\000\050\000\051}{subsection.10.5.2}% 106
\BOOKMARK [3][-]{subsubsection.10.5.2.24}{\376\377\000P\000i\000c\000k\000O\000n\000e\000\050\000\051}{subsection.10.5.2}% 107
\BOOKMARK [3][-]{subsubsection.10.5.2.25}{\376\377\000R\000e\000m\000o\000v\000e\000L\000e\000f\000t\000R\000e\000c\000u\000r\000s\000i\000o\000n\000\050\000\051}{subsection.10.5.2}% 108
\BOOKMARK [3][-]{subsubsection.10.5.2.26}{\376\377\000S\000t\000a\000r\000t\000s\000W\000i\000t\000h\000\050\000\051}{subsection.10.5.2}% 109
\BOOKMARK [2][-]{subsection.10.5.3}{\376\377\000M\000e\000m\000b\000e\000r\000\040\000D\000a\000t\000a\000\040\000D\000o\000c\000u\000m\000e\000n\000t\000a\000t\000i\000o\000n}{section.10.5}% 110
\BOOKMARK [3][-]{subsubsection.10.5.3.1}{\376\377\000i\000t\000e\000m\000s}{subsection.10.5.3}% 111
\BOOKMARK [3][-]{subsubsection.10.5.3.2}{\376\377\000n\000o\000n\000\137\000t\000e\000r\000m\000i\000n\000a\000l\000\137\000a\000l\000p\000h\000a\000b\000e\000t\000\137}{subsection.10.5.3}% 112
\BOOKMARK [3][-]{subsubsection.10.5.3.3}{\376\377\000t\000e\000r\000m\000i\000n\000a\000l\000\137\000a\000l\000p\000h\000a\000b\000e\000t\000\137}{subsection.10.5.3}% 113
\BOOKMARK [1][-]{section.10.6}{\376\377\000L\000L\0001\000P\000a\000r\000s\000e\000r\000\040\000C\000l\000a\000s\000s\000\040\000R\000e\000f\000e\000r\000e\000n\000c\000e}{chapter.10}% 114
\BOOKMARK [2][-]{subsection.10.6.1}{\376\377\000C\000o\000n\000s\000t\000r\000u\000c\000t\000o\000r\000\040\000\046\000\040\000D\000e\000s\000t\000r\000u\000c\000t\000o\000r\000\040\000D\000o\000c\000u\000m\000e\000n\000t\000a\000t\000i\000o\000n}{section.10.6}% 115
\BOOKMARK [3][-]{subsubsection.10.6.1.1}{\376\377\000L\000L\0001\000P\000a\000r\000s\000e\000r\000\050\000\051\000\040\000[\0001\000/\0002\000]}{subsection.10.6.1}% 116
\BOOKMARK [3][-]{subsubsection.10.6.1.2}{\376\377\000L\000L\0001\000P\000a\000r\000s\000e\000r\000\050\000\051\000\040\000[\0002\000/\0002\000]}{subsection.10.6.1}% 117
\BOOKMARK [2][-]{subsection.10.6.2}{\376\377\000M\000e\000m\000b\000e\000r\000\040\000F\000u\000n\000c\000t\000i\000o\000n\000\040\000D\000o\000c\000u\000m\000e\000n\000t\000a\000t\000i\000o\000n}{section.10.6}% 118
\BOOKMARK [3][-]{subsubsection.10.6.2.1}{\376\377\000C\000o\000m\000p\000u\000t\000e\000F\000i\000r\000s\000t\000S\000e\000t\000s\000\050\000\051}{subsection.10.6.2}% 119
\BOOKMARK [3][-]{subsubsection.10.6.2.2}{\376\377\000C\000o\000m\000p\000u\000t\000e\000F\000o\000l\000l\000o\000w\000S\000e\000t\000s\000\050\000\051}{subsection.10.6.2}% 120
\BOOKMARK [3][-]{subsubsection.10.6.2.3}{\376\377\000C\000r\000e\000a\000t\000e\000L\000L\0001\000T\000a\000b\000l\000e\000\050\000\051}{subsection.10.6.2}% 121
\BOOKMARK [3][-]{subsubsection.10.6.2.4}{\376\377\000F\000i\000r\000s\000t\000\050\000\051}{subsection.10.6.2}% 122
\BOOKMARK [3][-]{subsubsection.10.6.2.5}{\376\377\000F\000o\000l\000l\000o\000w\000\050\000\051}{subsection.10.6.2}% 123
\BOOKMARK [3][-]{subsubsection.10.6.2.6}{\376\377\000P\000r\000e\000d\000i\000c\000t\000i\000o\000n\000S\000y\000m\000b\000o\000l\000s\000\050\000\051}{subsection.10.6.2}% 124
\BOOKMARK [2][-]{subsection.10.6.3}{\376\377\000M\000e\000m\000b\000e\000r\000\040\000D\000a\000t\000a\000\040\000D\000o\000c\000u\000m\000e\000n\000t\000a\000t\000i\000o\000n}{section.10.6}% 125
\BOOKMARK [3][-]{subsubsection.10.6.3.1}{\376\377\000f\000i\000r\000s\000t\000\137\000s\000e\000t\000s\000\137}{subsection.10.6.3}% 126
\BOOKMARK [3][-]{subsubsection.10.6.3.2}{\376\377\000f\000o\000l\000l\000o\000w\000\137\000s\000e\000t\000s\000\137}{subsection.10.6.3}% 127
\BOOKMARK [3][-]{subsubsection.10.6.3.3}{\376\377\000g\000r\000\137}{subsection.10.6.3}% 128
\BOOKMARK [3][-]{subsubsection.10.6.3.4}{\376\377\000l\000l\0001\000\137\000t\000\137}{subsection.10.6.3}% 129
\BOOKMARK [1][-]{section.10.7}{\376\377\000L\000L\000T\000a\000b\000l\000e\000D\000i\000a\000l\000o\000g\000\040\000C\000l\000a\000s\000s\000\040\000R\000e\000f\000e\000r\000e\000n\000c\000e}{chapter.10}% 130
\BOOKMARK [2][-]{subsection.10.7.1}{\376\377\000D\000e\000t\000a\000i\000l\000e\000d\000\040\000D\000e\000s\000c\000r\000i\000p\000t\000i\000o\000n}{section.10.7}% 131
\BOOKMARK [2][-]{subsection.10.7.2}{\376\377\000C\000o\000n\000s\000t\000r\000u\000c\000t\000o\000r\000\040\000\046\000\040\000D\000e\000s\000t\000r\000u\000c\000t\000o\000r\000\040\000D\000o\000c\000u\000m\000e\000n\000t\000a\000t\000i\000o\000n}{section.10.7}% 132
\BOOKMARK [3][-]{subsubsection.10.7.2.1}{\376\377\000L\000L\000T\000a\000b\000l\000e\000D\000i\000a\000l\000o\000g\000\050\000\051}{subsection.10.7.2}% 133
\BOOKMARK [2][-]{subsection.10.7.3}{\376\377\000M\000e\000m\000b\000e\000r\000\040\000F\000u\000n\000c\000t\000i\000o\000n\000\040\000D\000o\000c\000u\000m\000e\000n\000t\000a\000t\000i\000o\000n}{section.10.7}% 134
\BOOKMARK [3][-]{subsubsection.10.7.3.1}{\376\377\000g\000e\000t\000T\000a\000b\000l\000e\000D\000a\000t\000a\000\050\000\051}{subsection.10.7.3}% 135
\BOOKMARK [3][-]{subsubsection.10.7.3.2}{\376\377\000h\000i\000g\000h\000l\000i\000g\000h\000t\000I\000n\000c\000o\000r\000r\000e\000c\000t\000C\000e\000l\000l\000s\000\050\000\051}{subsection.10.7.3}% 136
\BOOKMARK [3][-]{subsubsection.10.7.3.3}{\376\377\000s\000e\000t\000I\000n\000i\000t\000i\000a\000l\000D\000a\000t\000a\000\050\000\051}{subsection.10.7.3}% 137
\BOOKMARK [3][-]{subsubsection.10.7.3.4}{\376\377\000s\000u\000b\000m\000i\000t\000t\000e\000d}{subsection.10.7.3}% 138
\BOOKMARK [1][-]{section.10.8}{\376\377\000L\000L\000T\000u\000t\000o\000r\000W\000i\000n\000d\000o\000w\000\040\000C\000l\000a\000s\000s\000\040\000R\000e\000f\000e\000r\000e\000n\000c\000e}{chapter.10}% 139
\BOOKMARK [2][-]{subsection.10.8.1}{\376\377\000D\000e\000t\000a\000i\000l\000e\000d\000\040\000D\000e\000s\000c\000r\000i\000p\000t\000i\000o\000n}{section.10.8}% 140
\BOOKMARK [2][-]{subsection.10.8.2}{\376\377\000C\000o\000n\000s\000t\000r\000u\000c\000t\000o\000r\000\040\000\046\000\040\000D\000e\000s\000t\000r\000u\000c\000t\000o\000r\000\040\000D\000o\000c\000u\000m\000e\000n\000t\000a\000t\000i\000o\000n}{section.10.8}% 141
\BOOKMARK [3][-]{subsubsection.10.8.2.1}{\376\377\000L\000L\000T\000u\000t\000o\000r\000W\000i\000n\000d\000o\000w\000\050\000\051}{subsection.10.8.2}% 142
\BOOKMARK [3][-]{subsubsection.10.8.2.2}{\376\377\000~\000L\000L\000T\000u\000t\000o\000r\000W\000i\000n\000d\000o\000w\000\050\000\051}{subsection.10.8.2}% 143
\BOOKMARK [2][-]{subsection.10.8.3}{\376\377\000M\000e\000m\000b\000e\000r\000\040\000F\000u\000n\000c\000t\000i\000o\000n\000\040\000D\000o\000c\000u\000m\000e\000n\000t\000a\000t\000i\000o\000n}{section.10.8}% 144
\BOOKMARK [3][-]{subsubsection.10.8.3.1}{\376\377\000a\000d\000d\000M\000e\000s\000s\000a\000g\000e\000\050\000\051}{subsection.10.8.3}% 145
\BOOKMARK [3][-]{subsubsection.10.8.3.2}{\376\377\000a\000d\000d\000W\000i\000d\000g\000e\000t\000M\000e\000s\000s\000a\000g\000e\000\050\000\051}{subsection.10.8.3}% 146
\BOOKMARK [3][-]{subsubsection.10.8.3.3}{\376\377\000a\000n\000i\000m\000a\000t\000e\000L\000a\000b\000e\000l\000C\000o\000l\000o\000r\000\050\000\051}{subsection.10.8.3}% 147
\BOOKMARK [3][-]{subsubsection.10.8.3.4}{\376\377\000a\000n\000i\000m\000a\000t\000e\000L\000a\000b\000e\000l\000P\000o\000p\000\050\000\051}{subsection.10.8.3}% 148
\BOOKMARK [3][-]{subsubsection.10.8.3.5}{\376\377\000b\000u\000i\000l\000d\000T\000r\000e\000e\000N\000o\000d\000e\000\050\000\051}{subsection.10.8.3}% 149
\BOOKMARK [3][-]{subsubsection.10.8.3.6}{\376\377\000c\000l\000o\000s\000e\000E\000v\000e\000n\000t\000\050\000\051}{subsection.10.8.3}% 150
\BOOKMARK [3][-]{subsubsection.10.8.3.7}{\376\377\000c\000o\000m\000p\000u\000t\000e\000S\000u\000b\000t\000r\000e\000e\000W\000i\000d\000t\000h\000\050\000\051}{subsection.10.8.3}% 151
\BOOKMARK [3][-]{subsubsection.10.8.3.8}{\376\377\000d\000r\000a\000w\000T\000r\000e\000e\000\050\000\051}{subsection.10.8.3}% 152
\BOOKMARK [3][-]{subsubsection.10.8.3.9}{\376\377\000e\000v\000e\000n\000t\000F\000i\000l\000t\000e\000r\000\050\000\051}{subsection.10.8.3}% 153
\BOOKMARK [3][-]{subsubsection.10.8.3.10}{\376\377\000e\000x\000p\000o\000r\000t\000C\000o\000n\000v\000e\000r\000s\000a\000t\000i\000o\000n\000T\000o\000P\000d\000f\000\050\000\051}{subsection.10.8.3}% 154
\BOOKMARK [3][-]{subsubsection.10.8.3.11}{\376\377\000f\000e\000e\000d\000b\000a\000c\000k\000\050\000\051}{subsection.10.8.3}% 155
\BOOKMARK [3][-]{subsubsection.10.8.3.12}{\376\377\000f\000e\000e\000d\000b\000a\000c\000k\000F\000o\000r\000A\000\050\000\051}{subsection.10.8.3}% 156
\BOOKMARK [3][-]{subsubsection.10.8.3.13}{\376\377\000f\000e\000e\000d\000b\000a\000c\000k\000F\000o\000r\000A\0001\000\050\000\051}{subsection.10.8.3}% 157
\BOOKMARK [3][-]{subsubsection.10.8.3.14}{\376\377\000f\000e\000e\000d\000b\000a\000c\000k\000F\000o\000r\000A\0002\000\050\000\051}{subsection.10.8.3}% 158
\BOOKMARK [3][-]{subsubsection.10.8.3.15}{\376\377\000f\000e\000e\000d\000b\000a\000c\000k\000F\000o\000r\000A\000P\000r\000i\000m\000e\000\050\000\051}{subsection.10.8.3}% 159
\BOOKMARK [3][-]{subsubsection.10.8.3.16}{\376\377\000f\000e\000e\000d\000b\000a\000c\000k\000F\000o\000r\000B\000\050\000\051}{subsection.10.8.3}% 160
\BOOKMARK [3][-]{subsubsection.10.8.3.17}{\376\377\000f\000e\000e\000d\000b\000a\000c\000k\000F\000o\000r\000B\0001\000\050\000\051}{subsection.10.8.3}% 161
\BOOKMARK [3][-]{subsubsection.10.8.3.18}{\376\377\000f\000e\000e\000d\000b\000a\000c\000k\000F\000o\000r\000B\0001\000T\000r\000e\000e\000G\000r\000a\000p\000h\000i\000c\000s\000\050\000\051}{subsection.10.8.3}% 162
\BOOKMARK [3][-]{subsubsection.10.8.3.19}{\376\377\000f\000e\000e\000d\000b\000a\000c\000k\000F\000o\000r\000B\0001\000T\000r\000e\000e\000W\000i\000d\000g\000e\000t\000\050\000\051}{subsection.10.8.3}% 163
\BOOKMARK [3][-]{subsubsection.10.8.3.20}{\376\377\000f\000e\000e\000d\000b\000a\000c\000k\000F\000o\000r\000B\0002\000\050\000\051}{subsection.10.8.3}% 164
\BOOKMARK [3][-]{subsubsection.10.8.3.21}{\376\377\000f\000e\000e\000d\000b\000a\000c\000k\000F\000o\000r\000B\000P\000r\000i\000m\000e\000\050\000\051}{subsection.10.8.3}% 165
\BOOKMARK [3][-]{subsubsection.10.8.3.22}{\376\377\000f\000e\000e\000d\000b\000a\000c\000k\000F\000o\000r\000C\000\050\000\051}{subsection.10.8.3}% 166
\BOOKMARK [3][-]{subsubsection.10.8.3.23}{\376\377\000f\000e\000e\000d\000b\000a\000c\000k\000F\000o\000r\000C\000P\000r\000i\000m\000e\000\050\000\051}{subsection.10.8.3}% 167
\BOOKMARK [3][-]{subsubsection.10.8.3.24}{\376\377\000F\000o\000r\000m\000a\000t\000G\000r\000a\000m\000m\000a\000r\000\050\000\051}{subsection.10.8.3}% 168
\BOOKMARK [3][-]{subsubsection.10.8.3.25}{\376\377\000g\000e\000n\000e\000r\000a\000t\000e\000Q\000u\000e\000s\000t\000i\000o\000n\000\050\000\051}{subsection.10.8.3}% 169
\BOOKMARK [3][-]{subsubsection.10.8.3.26}{\376\377\000h\000a\000n\000d\000l\000e\000T\000a\000b\000l\000e\000S\000u\000b\000m\000i\000s\000s\000i\000o\000n\000\050\000\051}{subsection.10.8.3}% 170
\BOOKMARK [3][-]{subsubsection.10.8.3.27}{\376\377\000m\000a\000r\000k\000L\000a\000s\000t\000U\000s\000e\000r\000I\000n\000c\000o\000r\000r\000e\000c\000t\000\050\000\051}{subsection.10.8.3}% 171
\BOOKMARK [3][-]{subsubsection.10.8.3.28}{\376\377\000s\000e\000s\000s\000i\000o\000n\000F\000i\000n\000i\000s\000h\000e\000d}{subsection.10.8.3}% 172
\BOOKMARK [3][-]{subsubsection.10.8.3.29}{\376\377\000s\000h\000o\000w\000T\000a\000b\000l\000e\000\050\000\051}{subsection.10.8.3}% 173
\BOOKMARK [3][-]{subsubsection.10.8.3.30}{\376\377\000s\000h\000o\000w\000T\000a\000b\000l\000e\000F\000o\000r\000C\000P\000r\000i\000m\000e\000\050\000\051}{subsection.10.8.3}% 174
\BOOKMARK [3][-]{subsubsection.10.8.3.31}{\376\377\000s\000h\000o\000w\000T\000r\000e\000e\000G\000r\000a\000p\000h\000i\000c\000s\000\050\000\051}{subsection.10.8.3}% 175
\BOOKMARK [3][-]{subsubsection.10.8.3.32}{\376\377\000s\000o\000l\000u\000t\000i\000o\000n\000\050\000\051}{subsection.10.8.3}% 176
\BOOKMARK [3][-]{subsubsection.10.8.3.33}{\376\377\000s\000o\000l\000u\000t\000i\000o\000n\000F\000o\000r\000A\000\050\000\051}{subsection.10.8.3}% 177
\BOOKMARK [3][-]{subsubsection.10.8.3.34}{\376\377\000s\000o\000l\000u\000t\000i\000o\000n\000F\000o\000r\000A\0001\000\050\000\051}{subsection.10.8.3}% 178
\BOOKMARK [3][-]{subsubsection.10.8.3.35}{\376\377\000s\000o\000l\000u\000t\000i\000o\000n\000F\000o\000r\000A\0002\000\050\000\051}{subsection.10.8.3}% 179
\BOOKMARK [3][-]{subsubsection.10.8.3.36}{\376\377\000s\000o\000l\000u\000t\000i\000o\000n\000F\000o\000r\000B\000\050\000\051}{subsection.10.8.3}% 180
\BOOKMARK [3][-]{subsubsection.10.8.3.37}{\376\377\000s\000o\000l\000u\000t\000i\000o\000n\000F\000o\000r\000B\0001\000\050\000\051}{subsection.10.8.3}% 181
\BOOKMARK [3][-]{subsubsection.10.8.3.38}{\376\377\000s\000o\000l\000u\000t\000i\000o\000n\000F\000o\000r\000B\0002\000\050\000\051}{subsection.10.8.3}% 182
\BOOKMARK [3][-]{subsubsection.10.8.3.39}{\376\377\000T\000e\000a\000c\000h\000F\000i\000r\000s\000t\000T\000r\000e\000e\000\050\000\051}{subsection.10.8.3}% 183
\BOOKMARK [3][-]{subsubsection.10.8.3.40}{\376\377\000T\000e\000a\000c\000h\000F\000o\000l\000l\000o\000w\000\050\000\051}{subsection.10.8.3}% 184
\BOOKMARK [3][-]{subsubsection.10.8.3.41}{\376\377\000T\000e\000a\000c\000h\000L\000L\0001\000T\000a\000b\000l\000e\000\050\000\051}{subsection.10.8.3}% 185
\BOOKMARK [3][-]{subsubsection.10.8.3.42}{\376\377\000T\000e\000a\000c\000h\000P\000r\000e\000d\000i\000c\000t\000i\000o\000n\000S\000y\000m\000b\000o\000l\000s\000\050\000\051}{subsection.10.8.3}% 186
\BOOKMARK [3][-]{subsubsection.10.8.3.43}{\376\377\000u\000p\000d\000a\000t\000e\000P\000r\000o\000g\000r\000e\000s\000s\000P\000a\000n\000e\000l\000\050\000\051}{subsection.10.8.3}% 187
\BOOKMARK [3][-]{subsubsection.10.8.3.44}{\376\377\000u\000p\000d\000a\000t\000e\000S\000t\000a\000t\000e\000\050\000\051}{subsection.10.8.3}% 188
\BOOKMARK [3][-]{subsubsection.10.8.3.45}{\376\377\000v\000e\000r\000i\000f\000y\000R\000e\000s\000p\000o\000n\000s\000e\000\050\000\051}{subsection.10.8.3}% 189
\BOOKMARK [3][-]{subsubsection.10.8.3.46}{\376\377\000v\000e\000r\000i\000f\000y\000R\000e\000s\000p\000o\000n\000s\000e\000F\000o\000r\000A\000\050\000\051}{subsection.10.8.3}% 190
\BOOKMARK [3][-]{subsubsection.10.8.3.47}{\376\377\000v\000e\000r\000i\000f\000y\000R\000e\000s\000p\000o\000n\000s\000e\000F\000o\000r\000A\0001\000\050\000\051}{subsection.10.8.3}% 191
\BOOKMARK [3][-]{subsubsection.10.8.3.48}{\376\377\000v\000e\000r\000i\000f\000y\000R\000e\000s\000p\000o\000n\000s\000e\000F\000o\000r\000A\0002\000\050\000\051}{subsection.10.8.3}% 192
\BOOKMARK [3][-]{subsubsection.10.8.3.49}{\376\377\000v\000e\000r\000i\000f\000y\000R\000e\000s\000p\000o\000n\000s\000e\000F\000o\000r\000B\000\050\000\051}{subsection.10.8.3}% 193
\BOOKMARK [3][-]{subsubsection.10.8.3.50}{\376\377\000v\000e\000r\000i\000f\000y\000R\000e\000s\000p\000o\000n\000s\000e\000F\000o\000r\000B\0001\000\050\000\051}{subsection.10.8.3}% 194
\BOOKMARK [3][-]{subsubsection.10.8.3.51}{\376\377\000v\000e\000r\000i\000f\000y\000R\000e\000s\000p\000o\000n\000s\000e\000F\000o\000r\000B\0002\000\050\000\051}{subsection.10.8.3}% 195
\BOOKMARK [3][-]{subsubsection.10.8.3.52}{\376\377\000v\000e\000r\000i\000f\000y\000R\000e\000s\000p\000o\000n\000s\000e\000F\000o\000r\000C\000\050\000\051}{subsection.10.8.3}% 196
\BOOKMARK [3][-]{subsubsection.10.8.3.53}{\376\377\000w\000r\000o\000n\000g\000A\000n\000i\000m\000a\000t\000i\000o\000n\000\050\000\051}{subsection.10.8.3}% 197
\BOOKMARK [3][-]{subsubsection.10.8.3.54}{\376\377\000w\000r\000o\000n\000g\000U\000s\000e\000r\000R\000e\000s\000p\000o\000n\000s\000e\000A\000n\000i\000m\000a\000t\000i\000o\000n\000\050\000\051}{subsection.10.8.3}% 198
\BOOKMARK [1][-]{section.10.9}{\376\377\000L\000r\0000\000I\000t\000e\000m\000\040\000S\000t\000r\000u\000c\000t\000\040\000R\000e\000f\000e\000r\000e\000n\000c\000e}{chapter.10}% 199
\BOOKMARK [2][-]{subsection.10.9.1}{\376\377\000D\000e\000t\000a\000i\000l\000e\000d\000\040\000D\000e\000s\000c\000r\000i\000p\000t\000i\000o\000n}{section.10.9}% 200
\BOOKMARK [2][-]{subsection.10.9.2}{\376\377\000C\000o\000n\000s\000t\000r\000u\000c\000t\000o\000r\000\040\000\046\000\040\000D\000e\000s\000t\000r\000u\000c\000t\000o\000r\000\040\000D\000o\000c\000u\000m\000e\000n\000t\000a\000t\000i\000o\000n}{section.10.9}% 201
\BOOKMARK [3][-]{subsubsection.10.9.2.1}{\376\377\000L\000r\0000\000I\000t\000e\000m\000\050\000\051\000\040\000[\0001\000/\0002\000]}{subsection.10.9.2}% 202
\BOOKMARK [3][-]{subsubsection.10.9.2.2}{\376\377\000L\000r\0000\000I\000t\000e\000m\000\050\000\051\000\040\000[\0002\000/\0002\000]}{subsection.10.9.2}% 203
\BOOKMARK [2][-]{subsection.10.9.3}{\376\377\000M\000e\000m\000b\000e\000r\000\040\000F\000u\000n\000c\000t\000i\000o\000n\000\040\000D\000o\000c\000u\000m\000e\000n\000t\000a\000t\000i\000o\000n}{section.10.9}% 204
\BOOKMARK [3][-]{subsubsection.10.9.3.1}{\376\377\000A\000d\000v\000a\000n\000c\000e\000D\000o\000t\000\050\000\051}{subsection.10.9.3}% 205
\BOOKMARK [3][-]{subsubsection.10.9.3.2}{\376\377\000I\000s\000C\000o\000m\000p\000l\000e\000t\000e\000\050\000\051}{subsection.10.9.3}% 206
\BOOKMARK [3][-]{subsubsection.10.9.3.3}{\376\377\000N\000e\000x\000t\000T\000o\000D\000o\000t\000\050\000\051}{subsection.10.9.3}% 207
\BOOKMARK [3][-]{subsubsection.10.9.3.4}{\376\377\000o\000p\000e\000r\000a\000t\000o\000r\000=\000=\000\050\000\051}{subsection.10.9.3}% 208
\BOOKMARK [3][-]{subsubsection.10.9.3.5}{\376\377\000P\000r\000i\000n\000t\000I\000t\000e\000m\000\050\000\051}{subsection.10.9.3}% 209
\BOOKMARK [3][-]{subsubsection.10.9.3.6}{\376\377\000T\000o\000S\000t\000r\000i\000n\000g\000\050\000\051}{subsection.10.9.3}% 210
\BOOKMARK [2][-]{subsection.10.9.4}{\376\377\000M\000e\000m\000b\000e\000r\000\040\000D\000a\000t\000a\000\040\000D\000o\000c\000u\000m\000e\000n\000t\000a\000t\000i\000o\000n}{section.10.9}% 211
\BOOKMARK [3][-]{subsubsection.10.9.4.1}{\376\377\000a\000n\000t\000e\000c\000e\000d\000e\000n\000t\000\137}{subsection.10.9.4}% 212
\BOOKMARK [3][-]{subsubsection.10.9.4.2}{\376\377\000c\000o\000n\000s\000e\000q\000u\000e\000n\000t\000\137}{subsection.10.9.4}% 213
\BOOKMARK [3][-]{subsubsection.10.9.4.3}{\376\377\000d\000o\000t\000\137}{subsection.10.9.4}% 214
\BOOKMARK [3][-]{subsubsection.10.9.4.4}{\376\377\000e\000o\000l\000\137}{subsection.10.9.4}% 215
\BOOKMARK [3][-]{subsubsection.10.9.4.5}{\376\377\000e\000p\000s\000i\000l\000o\000n\000\137}{subsection.10.9.4}% 216
\BOOKMARK [1][-]{section.10.10}{\376\377\000M\000a\000i\000n\000W\000i\000n\000d\000o\000w\000\040\000C\000l\000a\000s\000s\000\040\000R\000e\000f\000e\000r\000e\000n\000c\000e}{chapter.10}% 217
\BOOKMARK [2][-]{subsection.10.10.1}{\376\377\000D\000e\000t\000a\000i\000l\000e\000d\000\040\000D\000e\000s\000c\000r\000i\000p\000t\000i\000o\000n}{section.10.10}% 218
\BOOKMARK [2][-]{subsection.10.10.2}{\376\377\000C\000o\000n\000s\000t\000r\000u\000c\000t\000o\000r\000\040\000\046\000\040\000D\000e\000s\000t\000r\000u\000c\000t\000o\000r\000\040\000D\000o\000c\000u\000m\000e\000n\000t\000a\000t\000i\000o\000n}{section.10.10}% 219
\BOOKMARK [3][-]{subsubsection.10.10.2.1}{\376\377\000M\000a\000i\000n\000W\000i\000n\000d\000o\000w\000\050\000\051}{subsection.10.10.2}% 220
\BOOKMARK [3][-]{subsubsection.10.10.2.2}{\376\377\000~\000M\000a\000i\000n\000W\000i\000n\000d\000o\000w\000\050\000\051}{subsection.10.10.2}% 221
\BOOKMARK [2][-]{subsection.10.10.3}{\376\377\000M\000e\000m\000b\000e\000r\000\040\000F\000u\000n\000c\000t\000i\000o\000n\000\040\000D\000o\000c\000u\000m\000e\000n\000t\000a\000t\000i\000o\000n}{section.10.10}% 222
\BOOKMARK [3][-]{subsubsection.10.10.3.1}{\376\377\000s\000e\000t\000U\000s\000e\000r\000L\000e\000v\000e\000l\000\050\000\051}{subsection.10.10.3}% 223
\BOOKMARK [3][-]{subsubsection.10.10.3.2}{\376\377\000t\000h\000r\000e\000s\000h\000o\000l\000d\000F\000o\000r\000\050\000\051}{subsection.10.10.3}% 224
\BOOKMARK [3][-]{subsubsection.10.10.3.3}{\376\377\000u\000s\000e\000r\000L\000e\000v\000e\000l\000\050\000\051}{subsection.10.10.3}% 225
\BOOKMARK [3][-]{subsubsection.10.10.3.4}{\376\377\000u\000s\000e\000r\000L\000e\000v\000e\000l\000C\000h\000a\000n\000g\000e\000d}{subsection.10.10.3}% 226
\BOOKMARK [3][-]{subsubsection.10.10.3.5}{\376\377\000u\000s\000e\000r\000L\000e\000v\000e\000l\000U\000p}{subsection.10.10.3}% 227
\BOOKMARK [2][-]{subsection.10.10.4}{\376\377\000P\000r\000o\000p\000e\000r\000t\000y\000\040\000D\000o\000c\000u\000m\000e\000n\000t\000a\000t\000i\000o\000n}{section.10.10}% 228
\BOOKMARK [3][-]{subsubsection.10.10.4.1}{\376\377\000u\000s\000e\000r\000L\000e\000v\000e\000l}{subsection.10.10.4}% 229
\BOOKMARK [1][-]{section.10.11}{\376\377\000S\000L\000R\0001\000P\000a\000r\000s\000e\000r\000:\000:\000s\000\137\000a\000c\000t\000i\000o\000n\000\040\000S\000t\000r\000u\000c\000t\000\040\000R\000e\000f\000e\000r\000e\000n\000c\000e}{chapter.10}% 230
\BOOKMARK [2][-]{subsection.10.11.1}{\376\377\000M\000e\000m\000b\000e\000r\000\040\000D\000a\000t\000a\000\040\000D\000o\000c\000u\000m\000e\000n\000t\000a\000t\000i\000o\000n}{section.10.11}% 231
\BOOKMARK [3][-]{subsubsection.10.11.1.1}{\376\377\000a\000c\000t\000i\000o\000n}{subsection.10.11.1}% 232
\BOOKMARK [3][-]{subsubsection.10.11.1.2}{\376\377\000i\000t\000e\000m}{subsection.10.11.1}% 233
\BOOKMARK [1][-]{section.10.12}{\376\377\000S\000L\000R\0001\000P\000a\000r\000s\000e\000r\000\040\000C\000l\000a\000s\000s\000\040\000R\000e\000f\000e\000r\000e\000n\000c\000e}{chapter.10}% 234
\BOOKMARK [2][-]{subsection.10.12.1}{\376\377\000D\000e\000t\000a\000i\000l\000e\000d\000\040\000D\000e\000s\000c\000r\000i\000p\000t\000i\000o\000n}{section.10.12}% 235
\BOOKMARK [2][-]{subsection.10.12.2}{\376\377\000M\000e\000m\000b\000e\000r\000\040\000T\000y\000p\000e\000d\000e\000f\000\040\000D\000o\000c\000u\000m\000e\000n\000t\000a\000t\000i\000o\000n}{section.10.12}% 236
\BOOKMARK [3][-]{subsubsection.10.12.2.1}{\376\377\000a\000c\000t\000i\000o\000n\000\137\000t\000a\000b\000l\000e}{subsection.10.12.2}% 237
\BOOKMARK [3][-]{subsubsection.10.12.2.2}{\376\377\000t\000r\000a\000n\000s\000i\000t\000i\000o\000n\000\137\000t\000a\000b\000l\000e}{subsection.10.12.2}% 238
\BOOKMARK [2][-]{subsection.10.12.3}{\376\377\000M\000e\000m\000b\000e\000r\000\040\000E\000n\000u\000m\000e\000r\000a\000t\000i\000o\000n\000\040\000D\000o\000c\000u\000m\000e\000n\000t\000a\000t\000i\000o\000n}{section.10.12}% 239
\BOOKMARK [3][-]{subsubsection.10.12.3.1}{\376\377\000A\000c\000t\000i\000o\000n}{subsection.10.12.3}% 240
\BOOKMARK [2][-]{subsection.10.12.4}{\376\377\000C\000o\000n\000s\000t\000r\000u\000c\000t\000o\000r\000\040\000\046\000\040\000D\000e\000s\000t\000r\000u\000c\000t\000o\000r\000\040\000D\000o\000c\000u\000m\000e\000n\000t\000a\000t\000i\000o\000n}{section.10.12}% 241
\BOOKMARK [3][-]{subsubsection.10.12.4.1}{\376\377\000S\000L\000R\0001\000P\000a\000r\000s\000e\000r\000\050\000\051\000\040\000[\0001\000/\0002\000]}{subsection.10.12.4}% 242
\BOOKMARK [3][-]{subsubsection.10.12.4.2}{\376\377\000S\000L\000R\0001\000P\000a\000r\000s\000e\000r\000\050\000\051\000\040\000[\0002\000/\0002\000]}{subsection.10.12.4}% 243
\BOOKMARK [2][-]{subsection.10.12.5}{\376\377\000M\000e\000m\000b\000e\000r\000\040\000F\000u\000n\000c\000t\000i\000o\000n\000\040\000D\000o\000c\000u\000m\000e\000n\000t\000a\000t\000i\000o\000n}{section.10.12}% 244
\BOOKMARK [3][-]{subsubsection.10.12.5.1}{\376\377\000A\000l\000l\000I\000t\000e\000m\000s\000\050\000\051}{subsection.10.12.5}% 245
\BOOKMARK [3][-]{subsubsection.10.12.5.2}{\376\377\000C\000l\000o\000s\000u\000r\000e\000\050\000\051}{subsection.10.12.5}% 246
\BOOKMARK [3][-]{subsubsection.10.12.5.3}{\376\377\000C\000l\000o\000s\000u\000r\000e\000U\000t\000i\000l\000\050\000\051}{subsection.10.12.5}% 247
\BOOKMARK [3][-]{subsubsection.10.12.5.4}{\376\377\000C\000o\000m\000p\000u\000t\000e\000F\000i\000r\000s\000t\000S\000e\000t\000s\000\050\000\051}{subsection.10.12.5}% 248
\BOOKMARK [3][-]{subsubsection.10.12.5.5}{\376\377\000C\000o\000m\000p\000u\000t\000e\000F\000o\000l\000l\000o\000w\000S\000e\000t\000s\000\050\000\051}{subsection.10.12.5}% 249
\BOOKMARK [3][-]{subsubsection.10.12.5.6}{\376\377\000D\000e\000l\000t\000a\000\050\000\051}{subsection.10.12.5}% 250
\BOOKMARK [3][-]{subsubsection.10.12.5.7}{\376\377\000F\000i\000r\000s\000t\000\050\000\051}{subsection.10.12.5}% 251
\BOOKMARK [3][-]{subsubsection.10.12.5.8}{\376\377\000F\000o\000l\000l\000o\000w\000\050\000\051}{subsection.10.12.5}% 252
\BOOKMARK [3][-]{subsubsection.10.12.5.9}{\376\377\000M\000a\000k\000e\000I\000n\000i\000t\000i\000a\000l\000S\000t\000a\000t\000e\000\050\000\051}{subsection.10.12.5}% 253
\BOOKMARK [3][-]{subsubsection.10.12.5.10}{\376\377\000M\000a\000k\000e\000P\000a\000r\000s\000e\000r\000\050\000\051}{subsection.10.12.5}% 254
\BOOKMARK [3][-]{subsubsection.10.12.5.11}{\376\377\000P\000r\000i\000n\000t\000I\000t\000e\000m\000s\000\050\000\051}{subsection.10.12.5}% 255
\BOOKMARK [3][-]{subsubsection.10.12.5.12}{\376\377\000S\000o\000l\000v\000e\000L\000R\000C\000o\000n\000f\000l\000i\000c\000t\000s\000\050\000\051}{subsection.10.12.5}% 256
\BOOKMARK [2][-]{subsection.10.12.6}{\376\377\000M\000e\000m\000b\000e\000r\000\040\000D\000a\000t\000a\000\040\000D\000o\000c\000u\000m\000e\000n\000t\000a\000t\000i\000o\000n}{section.10.12}% 257
\BOOKMARK [3][-]{subsubsection.10.12.6.1}{\376\377\000a\000c\000t\000i\000o\000n\000s\000\137}{subsection.10.12.6}% 258
\BOOKMARK [3][-]{subsubsection.10.12.6.2}{\376\377\000f\000i\000r\000s\000t\000\137\000s\000e\000t\000s\000\137}{subsection.10.12.6}% 259
\BOOKMARK [3][-]{subsubsection.10.12.6.3}{\376\377\000f\000o\000l\000l\000o\000w\000\137\000s\000e\000t\000s\000\137}{subsection.10.12.6}% 260
\BOOKMARK [3][-]{subsubsection.10.12.6.4}{\376\377\000g\000r\000\137}{subsection.10.12.6}% 261
\BOOKMARK [3][-]{subsubsection.10.12.6.5}{\376\377\000s\000t\000a\000t\000e\000s\000\137}{subsection.10.12.6}% 262
\BOOKMARK [3][-]{subsubsection.10.12.6.6}{\376\377\000t\000r\000a\000n\000s\000i\000t\000i\000o\000n\000s\000\137}{subsection.10.12.6}% 263
\BOOKMARK [1][-]{section.10.13}{\376\377\000S\000L\000R\000T\000a\000b\000l\000e\000D\000i\000a\000l\000o\000g\000\040\000C\000l\000a\000s\000s\000\040\000R\000e\000f\000e\000r\000e\000n\000c\000e}{chapter.10}% 264
\BOOKMARK [2][-]{subsection.10.13.1}{\376\377\000D\000e\000t\000a\000i\000l\000e\000d\000\040\000D\000e\000s\000c\000r\000i\000p\000t\000i\000o\000n}{section.10.13}% 265
\BOOKMARK [2][-]{subsection.10.13.2}{\376\377\000C\000o\000n\000s\000t\000r\000u\000c\000t\000o\000r\000\040\000\046\000\040\000D\000e\000s\000t\000r\000u\000c\000t\000o\000r\000\040\000D\000o\000c\000u\000m\000e\000n\000t\000a\000t\000i\000o\000n}{section.10.13}% 266
\BOOKMARK [3][-]{subsubsection.10.13.2.1}{\376\377\000S\000L\000R\000T\000a\000b\000l\000e\000D\000i\000a\000l\000o\000g\000\050\000\051}{subsection.10.13.2}% 267
\BOOKMARK [2][-]{subsection.10.13.3}{\376\377\000M\000e\000m\000b\000e\000r\000\040\000F\000u\000n\000c\000t\000i\000o\000n\000\040\000D\000o\000c\000u\000m\000e\000n\000t\000a\000t\000i\000o\000n}{section.10.13}% 268
\BOOKMARK [3][-]{subsubsection.10.13.3.1}{\376\377\000g\000e\000t\000T\000a\000b\000l\000e\000D\000a\000t\000a\000\050\000\051}{subsection.10.13.3}% 269
\BOOKMARK [3][-]{subsubsection.10.13.3.2}{\376\377\000s\000e\000t\000I\000n\000i\000t\000i\000a\000l\000D\000a\000t\000a\000\050\000\051}{subsection.10.13.3}% 270
\BOOKMARK [1][-]{section.10.14}{\376\377\000S\000L\000R\000T\000u\000t\000o\000r\000W\000i\000n\000d\000o\000w\000\040\000C\000l\000a\000s\000s\000\040\000R\000e\000f\000e\000r\000e\000n\000c\000e}{chapter.10}% 271
\BOOKMARK [2][-]{subsection.10.14.1}{\376\377\000D\000e\000t\000a\000i\000l\000e\000d\000\040\000D\000e\000s\000c\000r\000i\000p\000t\000i\000o\000n}{section.10.14}% 272
\BOOKMARK [2][-]{subsection.10.14.2}{\376\377\000C\000o\000n\000s\000t\000r\000u\000c\000t\000o\000r\000\040\000\046\000\040\000D\000e\000s\000t\000r\000u\000c\000t\000o\000r\000\040\000D\000o\000c\000u\000m\000e\000n\000t\000a\000t\000i\000o\000n}{section.10.14}% 273
\BOOKMARK [3][-]{subsubsection.10.14.2.1}{\376\377\000S\000L\000R\000T\000u\000t\000o\000r\000W\000i\000n\000d\000o\000w\000\050\000\051}{subsection.10.14.2}% 274
\BOOKMARK [3][-]{subsubsection.10.14.2.2}{\376\377\000~\000S\000L\000R\000T\000u\000t\000o\000r\000W\000i\000n\000d\000o\000w\000\050\000\051}{subsection.10.14.2}% 275
\BOOKMARK [2][-]{subsection.10.14.3}{\376\377\000M\000e\000m\000b\000e\000r\000\040\000F\000u\000n\000c\000t\000i\000o\000n\000\040\000D\000o\000c\000u\000m\000e\000n\000t\000a\000t\000i\000o\000n}{section.10.14}% 276
\BOOKMARK [3][-]{subsubsection.10.14.3.1}{\376\377\000a\000d\000d\000M\000e\000s\000s\000a\000g\000e\000\050\000\051}{subsection.10.14.3}% 277
\BOOKMARK [3][-]{subsubsection.10.14.3.2}{\376\377\000a\000d\000d\000U\000s\000e\000r\000S\000t\000a\000t\000e\000\050\000\051}{subsection.10.14.3}% 278
\BOOKMARK [3][-]{subsubsection.10.14.3.3}{\376\377\000a\000d\000d\000U\000s\000e\000r\000T\000r\000a\000n\000s\000i\000t\000i\000o\000n\000\050\000\051}{subsection.10.14.3}% 279
\BOOKMARK [3][-]{subsubsection.10.14.3.4}{\376\377\000a\000n\000i\000m\000a\000t\000e\000L\000a\000b\000e\000l\000C\000o\000l\000o\000r\000\050\000\051}{subsection.10.14.3}% 280
\BOOKMARK [3][-]{subsubsection.10.14.3.5}{\376\377\000a\000n\000i\000m\000a\000t\000e\000L\000a\000b\000e\000l\000P\000o\000p\000\050\000\051}{subsection.10.14.3}% 281
\BOOKMARK [3][-]{subsubsection.10.14.3.6}{\376\377\000c\000l\000o\000s\000e\000E\000v\000e\000n\000t\000\050\000\051}{subsection.10.14.3}% 282
\BOOKMARK [3][-]{subsubsection.10.14.3.7}{\376\377\000e\000x\000p\000o\000r\000t\000C\000o\000n\000v\000e\000r\000s\000a\000t\000i\000o\000n\000T\000o\000P\000d\000f\000\050\000\051}{subsection.10.14.3}% 283
\BOOKMARK [3][-]{subsubsection.10.14.3.8}{\376\377\000f\000e\000e\000d\000b\000a\000c\000k\000\050\000\051}{subsection.10.14.3}% 284
\BOOKMARK [3][-]{subsubsection.10.14.3.9}{\376\377\000f\000e\000e\000d\000b\000a\000c\000k\000F\000o\000r\000A\000\050\000\051}{subsection.10.14.3}% 285
\BOOKMARK [3][-]{subsubsection.10.14.3.10}{\376\377\000f\000e\000e\000d\000b\000a\000c\000k\000F\000o\000r\000A\0001\000\050\000\051}{subsection.10.14.3}% 286
\BOOKMARK [3][-]{subsubsection.10.14.3.11}{\376\377\000f\000e\000e\000d\000b\000a\000c\000k\000F\000o\000r\000A\0002\000\050\000\051}{subsection.10.14.3}% 287
\BOOKMARK [3][-]{subsubsection.10.14.3.12}{\376\377\000f\000e\000e\000d\000b\000a\000c\000k\000F\000o\000r\000A\0003\000\050\000\051}{subsection.10.14.3}% 288
\BOOKMARK [3][-]{subsubsection.10.14.3.13}{\376\377\000f\000e\000e\000d\000b\000a\000c\000k\000F\000o\000r\000A\0004\000\050\000\051}{subsection.10.14.3}% 289
\BOOKMARK [3][-]{subsubsection.10.14.3.14}{\376\377\000f\000e\000e\000d\000b\000a\000c\000k\000F\000o\000r\000A\000P\000r\000i\000m\000e\000\050\000\051}{subsection.10.14.3}% 290
\BOOKMARK [3][-]{subsubsection.10.14.3.15}{\376\377\000f\000e\000e\000d\000b\000a\000c\000k\000F\000o\000r\000B\000\050\000\051}{subsection.10.14.3}% 291
\BOOKMARK [3][-]{subsubsection.10.14.3.16}{\376\377\000f\000e\000e\000d\000b\000a\000c\000k\000F\000o\000r\000B\0001\000\050\000\051}{subsection.10.14.3}% 292
\BOOKMARK [3][-]{subsubsection.10.14.3.17}{\376\377\000f\000e\000e\000d\000b\000a\000c\000k\000F\000o\000r\000B\0002\000\050\000\051}{subsection.10.14.3}% 293
\BOOKMARK [3][-]{subsubsection.10.14.3.18}{\376\377\000f\000e\000e\000d\000b\000a\000c\000k\000F\000o\000r\000B\000P\000r\000i\000m\000e\000\050\000\051}{subsection.10.14.3}% 294
\BOOKMARK [3][-]{subsubsection.10.14.3.19}{\376\377\000f\000e\000e\000d\000b\000a\000c\000k\000F\000o\000r\000C\000\050\000\051}{subsection.10.14.3}% 295
\BOOKMARK [3][-]{subsubsection.10.14.3.20}{\376\377\000f\000e\000e\000d\000b\000a\000c\000k\000F\000o\000r\000C\000A\000\050\000\051}{subsection.10.14.3}% 296
\BOOKMARK [3][-]{subsubsection.10.14.3.21}{\376\377\000f\000e\000e\000d\000b\000a\000c\000k\000F\000o\000r\000C\000B\000\050\000\051}{subsection.10.14.3}% 297
\BOOKMARK [3][-]{subsubsection.10.14.3.22}{\376\377\000f\000e\000e\000d\000b\000a\000c\000k\000F\000o\000r\000D\000\050\000\051}{subsection.10.14.3}% 298
\BOOKMARK [3][-]{subsubsection.10.14.3.23}{\376\377\000f\000e\000e\000d\000b\000a\000c\000k\000F\000o\000r\000D\0001\000\050\000\051}{subsection.10.14.3}% 299
\BOOKMARK [3][-]{subsubsection.10.14.3.24}{\376\377\000f\000e\000e\000d\000b\000a\000c\000k\000F\000o\000r\000D\0002\000\050\000\051}{subsection.10.14.3}% 300
\BOOKMARK [3][-]{subsubsection.10.14.3.25}{\376\377\000f\000e\000e\000d\000b\000a\000c\000k\000F\000o\000r\000D\000P\000r\000i\000m\000e\000\050\000\051}{subsection.10.14.3}% 301
\BOOKMARK [3][-]{subsubsection.10.14.3.26}{\376\377\000f\000e\000e\000d\000b\000a\000c\000k\000F\000o\000r\000E\000\050\000\051}{subsection.10.14.3}% 302
\BOOKMARK [3][-]{subsubsection.10.14.3.27}{\376\377\000f\000e\000e\000d\000b\000a\000c\000k\000F\000o\000r\000E\0001\000\050\000\051}{subsection.10.14.3}% 303
\BOOKMARK [3][-]{subsubsection.10.14.3.28}{\376\377\000f\000e\000e\000d\000b\000a\000c\000k\000F\000o\000r\000E\0002\000\050\000\051}{subsection.10.14.3}% 304
\BOOKMARK [3][-]{subsubsection.10.14.3.29}{\376\377\000f\000e\000e\000d\000b\000a\000c\000k\000F\000o\000r\000F\000\050\000\051}{subsection.10.14.3}% 305
\BOOKMARK [3][-]{subsubsection.10.14.3.30}{\376\377\000f\000e\000e\000d\000b\000a\000c\000k\000F\000o\000r\000F\000A\000\050\000\051}{subsection.10.14.3}% 306
\BOOKMARK [3][-]{subsubsection.10.14.3.31}{\376\377\000f\000e\000e\000d\000b\000a\000c\000k\000F\000o\000r\000G\000\050\000\051}{subsection.10.14.3}% 307
\BOOKMARK [3][-]{subsubsection.10.14.3.32}{\376\377\000f\000i\000l\000l\000S\000o\000r\000t\000e\000d\000G\000r\000a\000m\000m\000a\000r\000\050\000\051}{subsection.10.14.3}% 308
\BOOKMARK [3][-]{subsubsection.10.14.3.33}{\376\377\000F\000o\000r\000m\000a\000t\000G\000r\000a\000m\000m\000a\000r\000\050\000\051}{subsection.10.14.3}% 309
\BOOKMARK [3][-]{subsubsection.10.14.3.34}{\376\377\000g\000e\000n\000e\000r\000a\000t\000e\000Q\000u\000e\000s\000t\000i\000o\000n\000\050\000\051}{subsection.10.14.3}% 310
\BOOKMARK [3][-]{subsubsection.10.14.3.35}{\376\377\000l\000a\000u\000n\000c\000h\000S\000L\000R\000W\000i\000z\000a\000r\000d\000\050\000\051}{subsection.10.14.3}% 311
\BOOKMARK [3][-]{subsubsection.10.14.3.36}{\376\377\000m\000a\000r\000k\000L\000a\000s\000t\000U\000s\000e\000r\000I\000n\000c\000o\000r\000r\000e\000c\000t\000\050\000\051}{subsection.10.14.3}% 312
\BOOKMARK [3][-]{subsubsection.10.14.3.37}{\376\377\000s\000e\000s\000s\000i\000o\000n\000F\000i\000n\000i\000s\000h\000e\000d}{subsection.10.14.3}% 313
\BOOKMARK [3][-]{subsubsection.10.14.3.38}{\376\377\000s\000h\000o\000w\000T\000a\000b\000l\000e\000\050\000\051}{subsection.10.14.3}% 314
\BOOKMARK [3][-]{subsubsection.10.14.3.39}{\376\377\000s\000o\000l\000u\000t\000i\000o\000n\000\050\000\051}{subsection.10.14.3}% 315
\BOOKMARK [3][-]{subsubsection.10.14.3.40}{\376\377\000s\000o\000l\000u\000t\000i\000o\000n\000F\000o\000r\000A\000\050\000\051}{subsection.10.14.3}% 316
\BOOKMARK [3][-]{subsubsection.10.14.3.41}{\376\377\000s\000o\000l\000u\000t\000i\000o\000n\000F\000o\000r\000A\0001\000\050\000\051}{subsection.10.14.3}% 317
\BOOKMARK [3][-]{subsubsection.10.14.3.42}{\376\377\000s\000o\000l\000u\000t\000i\000o\000n\000F\000o\000r\000A\0002\000\050\000\051}{subsection.10.14.3}% 318
\BOOKMARK [3][-]{subsubsection.10.14.3.43}{\376\377\000s\000o\000l\000u\000t\000i\000o\000n\000F\000o\000r\000A\0003\000\050\000\051}{subsection.10.14.3}% 319
\BOOKMARK [3][-]{subsubsection.10.14.3.44}{\376\377\000s\000o\000l\000u\000t\000i\000o\000n\000F\000o\000r\000A\0004\000\050\000\051}{subsection.10.14.3}% 320
\BOOKMARK [3][-]{subsubsection.10.14.3.45}{\376\377\000s\000o\000l\000u\000t\000i\000o\000n\000F\000o\000r\000B\000\050\000\051}{subsection.10.14.3}% 321
\BOOKMARK [3][-]{subsubsection.10.14.3.46}{\376\377\000s\000o\000l\000u\000t\000i\000o\000n\000F\000o\000r\000C\000\050\000\051}{subsection.10.14.3}% 322
\BOOKMARK [3][-]{subsubsection.10.14.3.47}{\376\377\000s\000o\000l\000u\000t\000i\000o\000n\000F\000o\000r\000C\000A\000\050\000\051}{subsection.10.14.3}% 323
\BOOKMARK [3][-]{subsubsection.10.14.3.48}{\376\377\000s\000o\000l\000u\000t\000i\000o\000n\000F\000o\000r\000C\000B\000\050\000\051}{subsection.10.14.3}% 324
\BOOKMARK [3][-]{subsubsection.10.14.3.49}{\376\377\000s\000o\000l\000u\000t\000i\000o\000n\000F\000o\000r\000D\000\050\000\051}{subsection.10.14.3}% 325
\BOOKMARK [3][-]{subsubsection.10.14.3.50}{\376\377\000s\000o\000l\000u\000t\000i\000o\000n\000F\000o\000r\000D\0001\000\050\000\051}{subsection.10.14.3}% 326
\BOOKMARK [3][-]{subsubsection.10.14.3.51}{\376\377\000s\000o\000l\000u\000t\000i\000o\000n\000F\000o\000r\000D\0002\000\050\000\051}{subsection.10.14.3}% 327
\BOOKMARK [3][-]{subsubsection.10.14.3.52}{\376\377\000s\000o\000l\000u\000t\000i\000o\000n\000F\000o\000r\000E\000\050\000\051}{subsection.10.14.3}% 328
\BOOKMARK [3][-]{subsubsection.10.14.3.53}{\376\377\000s\000o\000l\000u\000t\000i\000o\000n\000F\000o\000r\000E\0001\000\050\000\051}{subsection.10.14.3}% 329
\BOOKMARK [3][-]{subsubsection.10.14.3.54}{\376\377\000s\000o\000l\000u\000t\000i\000o\000n\000F\000o\000r\000E\0002\000\050\000\051}{subsection.10.14.3}% 330
\BOOKMARK [3][-]{subsubsection.10.14.3.55}{\376\377\000s\000o\000l\000u\000t\000i\000o\000n\000F\000o\000r\000F\000\050\000\051}{subsection.10.14.3}% 331
\BOOKMARK [3][-]{subsubsection.10.14.3.56}{\376\377\000s\000o\000l\000u\000t\000i\000o\000n\000F\000o\000r\000F\000A\000\050\000\051}{subsection.10.14.3}% 332
\BOOKMARK [3][-]{subsubsection.10.14.3.57}{\376\377\000s\000o\000l\000u\000t\000i\000o\000n\000F\000o\000r\000G\000\050\000\051}{subsection.10.14.3}% 333
\BOOKMARK [3][-]{subsubsection.10.14.3.58}{\376\377\000T\000e\000a\000c\000h\000C\000l\000o\000s\000u\000r\000e\000\050\000\051}{subsection.10.14.3}% 334
\BOOKMARK [3][-]{subsubsection.10.14.3.59}{\376\377\000T\000e\000a\000c\000h\000C\000l\000o\000s\000u\000r\000e\000S\000t\000e\000p\000\050\000\051}{subsection.10.14.3}% 335
\BOOKMARK [3][-]{subsubsection.10.14.3.60}{\376\377\000T\000e\000a\000c\000h\000D\000e\000l\000t\000a\000F\000u\000n\000c\000t\000i\000o\000n\000\050\000\051}{subsection.10.14.3}% 336
\BOOKMARK [3][-]{subsubsection.10.14.3.61}{\376\377\000u\000p\000d\000a\000t\000e\000P\000r\000o\000g\000r\000e\000s\000s\000P\000a\000n\000e\000l\000\050\000\051}{subsection.10.14.3}% 337
\BOOKMARK [3][-]{subsubsection.10.14.3.62}{\376\377\000u\000p\000d\000a\000t\000e\000S\000t\000a\000t\000e\000\050\000\051}{subsection.10.14.3}% 338
\BOOKMARK [3][-]{subsubsection.10.14.3.63}{\376\377\000v\000e\000r\000i\000f\000y\000R\000e\000s\000p\000o\000n\000s\000e\000\050\000\051}{subsection.10.14.3}% 339
\BOOKMARK [3][-]{subsubsection.10.14.3.64}{\376\377\000v\000e\000r\000i\000f\000y\000R\000e\000s\000p\000o\000n\000s\000e\000F\000o\000r\000A\000\050\000\051}{subsection.10.14.3}% 340
\BOOKMARK [3][-]{subsubsection.10.14.3.65}{\376\377\000v\000e\000r\000i\000f\000y\000R\000e\000s\000p\000o\000n\000s\000e\000F\000o\000r\000A\0001\000\050\000\051}{subsection.10.14.3}% 341
\BOOKMARK [3][-]{subsubsection.10.14.3.66}{\376\377\000v\000e\000r\000i\000f\000y\000R\000e\000s\000p\000o\000n\000s\000e\000F\000o\000r\000A\0002\000\050\000\051}{subsection.10.14.3}% 342
\BOOKMARK [3][-]{subsubsection.10.14.3.67}{\376\377\000v\000e\000r\000i\000f\000y\000R\000e\000s\000p\000o\000n\000s\000e\000F\000o\000r\000A\0003\000\050\000\051}{subsection.10.14.3}% 343
\BOOKMARK [3][-]{subsubsection.10.14.3.68}{\376\377\000v\000e\000r\000i\000f\000y\000R\000e\000s\000p\000o\000n\000s\000e\000F\000o\000r\000A\0004\000\050\000\051}{subsection.10.14.3}% 344
\BOOKMARK [3][-]{subsubsection.10.14.3.69}{\376\377\000v\000e\000r\000i\000f\000y\000R\000e\000s\000p\000o\000n\000s\000e\000F\000o\000r\000B\000\050\000\051}{subsection.10.14.3}% 345
\BOOKMARK [3][-]{subsubsection.10.14.3.70}{\376\377\000v\000e\000r\000i\000f\000y\000R\000e\000s\000p\000o\000n\000s\000e\000F\000o\000r\000C\000\050\000\051}{subsection.10.14.3}% 346
\BOOKMARK [3][-]{subsubsection.10.14.3.71}{\376\377\000v\000e\000r\000i\000f\000y\000R\000e\000s\000p\000o\000n\000s\000e\000F\000o\000r\000C\000A\000\050\000\051}{subsection.10.14.3}% 347
\BOOKMARK [3][-]{subsubsection.10.14.3.72}{\376\377\000v\000e\000r\000i\000f\000y\000R\000e\000s\000p\000o\000n\000s\000e\000F\000o\000r\000C\000B\000\050\000\051}{subsection.10.14.3}% 348
\BOOKMARK [3][-]{subsubsection.10.14.3.73}{\376\377\000v\000e\000r\000i\000f\000y\000R\000e\000s\000p\000o\000n\000s\000e\000F\000o\000r\000D\000\050\000\051}{subsection.10.14.3}% 349
\BOOKMARK [3][-]{subsubsection.10.14.3.74}{\376\377\000v\000e\000r\000i\000f\000y\000R\000e\000s\000p\000o\000n\000s\000e\000F\000o\000r\000D\0001\000\050\000\051}{subsection.10.14.3}% 350
\BOOKMARK [3][-]{subsubsection.10.14.3.75}{\376\377\000v\000e\000r\000i\000f\000y\000R\000e\000s\000p\000o\000n\000s\000e\000F\000o\000r\000D\0002\000\050\000\051}{subsection.10.14.3}% 351
\BOOKMARK [3][-]{subsubsection.10.14.3.76}{\376\377\000v\000e\000r\000i\000f\000y\000R\000e\000s\000p\000o\000n\000s\000e\000F\000o\000r\000E\000\050\000\051}{subsection.10.14.3}% 352
\BOOKMARK [3][-]{subsubsection.10.14.3.77}{\376\377\000v\000e\000r\000i\000f\000y\000R\000e\000s\000p\000o\000n\000s\000e\000F\000o\000r\000E\0001\000\050\000\051}{subsection.10.14.3}% 353
\BOOKMARK [3][-]{subsubsection.10.14.3.78}{\376\377\000v\000e\000r\000i\000f\000y\000R\000e\000s\000p\000o\000n\000s\000e\000F\000o\000r\000E\0002\000\050\000\051}{subsection.10.14.3}% 354
\BOOKMARK [3][-]{subsubsection.10.14.3.79}{\376\377\000v\000e\000r\000i\000f\000y\000R\000e\000s\000p\000o\000n\000s\000e\000F\000o\000r\000F\000\050\000\051}{subsection.10.14.3}% 355
\BOOKMARK [3][-]{subsubsection.10.14.3.80}{\376\377\000v\000e\000r\000i\000f\000y\000R\000e\000s\000p\000o\000n\000s\000e\000F\000o\000r\000F\000A\000\050\000\051}{subsection.10.14.3}% 356
\BOOKMARK [3][-]{subsubsection.10.14.3.81}{\376\377\000v\000e\000r\000i\000f\000y\000R\000e\000s\000p\000o\000n\000s\000e\000F\000o\000r\000G\000\050\000\051}{subsection.10.14.3}% 357
\BOOKMARK [3][-]{subsubsection.10.14.3.82}{\376\377\000v\000e\000r\000i\000f\000y\000R\000e\000s\000p\000o\000n\000s\000e\000F\000o\000r\000H\000\050\000\051}{subsection.10.14.3}% 358
\BOOKMARK [3][-]{subsubsection.10.14.3.83}{\376\377\000w\000r\000o\000n\000g\000A\000n\000i\000m\000a\000t\000i\000o\000n\000\050\000\051}{subsection.10.14.3}% 359
\BOOKMARK [3][-]{subsubsection.10.14.3.84}{\376\377\000w\000r\000o\000n\000g\000U\000s\000e\000r\000R\000e\000s\000p\000o\000n\000s\000e\000A\000n\000i\000m\000a\000t\000i\000o\000n\000\050\000\051}{subsection.10.14.3}% 360
\BOOKMARK [1][-]{section.10.15}{\376\377\000S\000L\000R\000W\000i\000z\000a\000r\000d\000\040\000C\000l\000a\000s\000s\000\040\000R\000e\000f\000e\000r\000e\000n\000c\000e}{chapter.10}% 361
\BOOKMARK [2][-]{subsection.10.15.1}{\376\377\000D\000e\000t\000a\000i\000l\000e\000d\000\040\000D\000e\000s\000c\000r\000i\000p\000t\000i\000o\000n}{section.10.15}% 362
\BOOKMARK [2][-]{subsection.10.15.2}{\376\377\000C\000o\000n\000s\000t\000r\000u\000c\000t\000o\000r\000\040\000\046\000\040\000D\000e\000s\000t\000r\000u\000c\000t\000o\000r\000\040\000D\000o\000c\000u\000m\000e\000n\000t\000a\000t\000i\000o\000n}{section.10.15}% 363
\BOOKMARK [3][-]{subsubsection.10.15.2.1}{\376\377\000S\000L\000R\000W\000i\000z\000a\000r\000d\000\050\000\051}{subsection.10.15.2}% 364
\BOOKMARK [2][-]{subsection.10.15.3}{\376\377\000M\000e\000m\000b\000e\000r\000\040\000F\000u\000n\000c\000t\000i\000o\000n\000\040\000D\000o\000c\000u\000m\000e\000n\000t\000a\000t\000i\000o\000n}{section.10.15}% 365
\BOOKMARK [3][-]{subsubsection.10.15.3.1}{\376\377\000s\000t\000d\000V\000e\000c\000t\000o\000r\000T\000o\000Q\000V\000e\000c\000t\000o\000r\000\050\000\051}{subsection.10.15.3}% 366
\BOOKMARK [1][-]{section.10.16}{\376\377\000S\000L\000R\000W\000i\000z\000a\000r\000d\000P\000a\000g\000e\000\040\000C\000l\000a\000s\000s\000\040\000R\000e\000f\000e\000r\000e\000n\000c\000e}{chapter.10}% 367
\BOOKMARK [2][-]{subsection.10.16.1}{\376\377\000D\000e\000t\000a\000i\000l\000e\000d\000\040\000D\000e\000s\000c\000r\000i\000p\000t\000i\000o\000n}{section.10.16}% 368
\BOOKMARK [2][-]{subsection.10.16.2}{\376\377\000C\000o\000n\000s\000t\000r\000u\000c\000t\000o\000r\000\040\000\046\000\040\000D\000e\000s\000t\000r\000u\000c\000t\000o\000r\000\040\000D\000o\000c\000u\000m\000e\000n\000t\000a\000t\000i\000o\000n}{section.10.16}% 369
\BOOKMARK [3][-]{subsubsection.10.16.2.1}{\376\377\000S\000L\000R\000W\000i\000z\000a\000r\000d\000P\000a\000g\000e\000\050\000\051}{subsection.10.16.2}% 370
\BOOKMARK [1][-]{section.10.17}{\376\377\000s\000t\000a\000t\000e\000\040\000S\000t\000r\000u\000c\000t\000\040\000R\000e\000f\000e\000r\000e\000n\000c\000e}{chapter.10}% 371
\BOOKMARK [2][-]{subsection.10.17.1}{\376\377\000D\000e\000t\000a\000i\000l\000e\000d\000\040\000D\000e\000s\000c\000r\000i\000p\000t\000i\000o\000n}{section.10.17}% 372
\BOOKMARK [2][-]{subsection.10.17.2}{\376\377\000M\000e\000m\000b\000e\000r\000\040\000F\000u\000n\000c\000t\000i\000o\000n\000\040\000D\000o\000c\000u\000m\000e\000n\000t\000a\000t\000i\000o\000n}{section.10.17}% 373
\BOOKMARK [3][-]{subsubsection.10.17.2.1}{\376\377\000o\000p\000e\000r\000a\000t\000o\000r\000=\000=\000\050\000\051}{subsection.10.17.2}% 374
\BOOKMARK [2][-]{subsection.10.17.3}{\376\377\000M\000e\000m\000b\000e\000r\000\040\000D\000a\000t\000a\000\040\000D\000o\000c\000u\000m\000e\000n\000t\000a\000t\000i\000o\000n}{section.10.17}% 375
\BOOKMARK [3][-]{subsubsection.10.17.3.1}{\376\377\000i\000d\000\137}{subsection.10.17.3}% 376
\BOOKMARK [3][-]{subsubsection.10.17.3.2}{\376\377\000i\000t\000e\000m\000s\000\137}{subsection.10.17.3}% 377
\BOOKMARK [1][-]{section.10.18}{\376\377\000S\000y\000m\000b\000o\000l\000T\000a\000b\000l\000e\000\040\000S\000t\000r\000u\000c\000t\000\040\000R\000e\000f\000e\000r\000e\000n\000c\000e}{chapter.10}% 378
\BOOKMARK [2][-]{subsection.10.18.1}{\376\377\000D\000e\000t\000a\000i\000l\000e\000d\000\040\000D\000e\000s\000c\000r\000i\000p\000t\000i\000o\000n}{section.10.18}% 379
\BOOKMARK [2][-]{subsection.10.18.2}{\376\377\000M\000e\000m\000b\000e\000r\000\040\000F\000u\000n\000c\000t\000i\000o\000n\000\040\000D\000o\000c\000u\000m\000e\000n\000t\000a\000t\000i\000o\000n}{section.10.18}% 380
\BOOKMARK [3][-]{subsubsection.10.18.2.1}{\376\377\000I\000n\000\050\000\051}{subsection.10.18.2}% 381
\BOOKMARK [3][-]{subsubsection.10.18.2.2}{\376\377\000I\000s\000T\000e\000r\000m\000i\000n\000a\000l\000\050\000\051}{subsection.10.18.2}% 382
\BOOKMARK [3][-]{subsubsection.10.18.2.3}{\376\377\000I\000s\000T\000e\000r\000m\000i\000n\000a\000l\000W\000t\000h\000o\000E\000o\000l\000\050\000\051}{subsection.10.18.2}% 383
\BOOKMARK [3][-]{subsubsection.10.18.2.4}{\376\377\000P\000u\000t\000S\000y\000m\000b\000o\000l\000\050\000\051}{subsection.10.18.2}% 384
\BOOKMARK [2][-]{subsection.10.18.3}{\376\377\000M\000e\000m\000b\000e\000r\000\040\000D\000a\000t\000a\000\040\000D\000o\000c\000u\000m\000e\000n\000t\000a\000t\000i\000o\000n}{section.10.18}% 385
\BOOKMARK [3][-]{subsubsection.10.18.3.1}{\376\377\000E\000O\000L\000\137}{subsection.10.18.3}% 386
\BOOKMARK [3][-]{subsubsection.10.18.3.2}{\376\377\000E\000P\000S\000I\000L\000O\000N\000\137}{subsection.10.18.3}% 387
\BOOKMARK [3][-]{subsubsection.10.18.3.3}{\376\377\000n\000o\000n\000\137\000t\000e\000r\000m\000i\000n\000a\000l\000s\000\137}{subsection.10.18.3}% 388
\BOOKMARK [3][-]{subsubsection.10.18.3.4}{\376\377\000s\000t\000\137}{subsection.10.18.3}% 389
\BOOKMARK [3][-]{subsubsection.10.18.3.5}{\376\377\000t\000e\000r\000m\000i\000n\000a\000l\000s\000\137}{subsection.10.18.3}% 390
\BOOKMARK [3][-]{subsubsection.10.18.3.6}{\376\377\000t\000e\000r\000m\000i\000n\000a\000l\000s\000\137\000w\000t\000h\000o\000\137\000e\000o\000l\000\137}{subsection.10.18.3}% 391
\BOOKMARK [1][-]{section.10.19}{\376\377\000L\000L\000T\000u\000t\000o\000r\000W\000i\000n\000d\000o\000w\000:\000:\000T\000r\000e\000e\000N\000o\000d\000e\000\040\000S\000t\000r\000u\000c\000t\000\040\000R\000e\000f\000e\000r\000e\000n\000c\000e}{chapter.10}% 392
\BOOKMARK [2][-]{subsection.10.19.1}{\376\377\000D\000e\000t\000a\000i\000l\000e\000d\000\040\000D\000e\000s\000c\000r\000i\000p\000t\000i\000o\000n}{section.10.19}% 393
\BOOKMARK [2][-]{subsection.10.19.2}{\376\377\000M\000e\000m\000b\000e\000r\000\040\000D\000a\000t\000a\000\040\000D\000o\000c\000u\000m\000e\000n\000t\000a\000t\000i\000o\000n}{section.10.19}% 394
\BOOKMARK [3][-]{subsubsection.10.19.2.1}{\376\377\000c\000h\000i\000l\000d\000r\000e\000n}{subsection.10.19.2}% 395
\BOOKMARK [3][-]{subsubsection.10.19.2.2}{\376\377\000l\000a\000b\000e\000l}{subsection.10.19.2}% 396
\BOOKMARK [1][-]{section.10.20}{\376\377\000T\000u\000t\000o\000r\000i\000a\000l\000M\000a\000n\000a\000g\000e\000r\000\040\000C\000l\000a\000s\000s\000\040\000R\000e\000f\000e\000r\000e\000n\000c\000e}{chapter.10}% 397
\BOOKMARK [2][-]{subsection.10.20.1}{\376\377\000D\000e\000t\000a\000i\000l\000e\000d\000\040\000D\000e\000s\000c\000r\000i\000p\000t\000i\000o\000n}{section.10.20}% 398
\BOOKMARK [2][-]{subsection.10.20.2}{\376\377\000C\000o\000n\000s\000t\000r\000u\000c\000t\000o\000r\000\040\000\046\000\040\000D\000e\000s\000t\000r\000u\000c\000t\000o\000r\000\040\000D\000o\000c\000u\000m\000e\000n\000t\000a\000t\000i\000o\000n}{section.10.20}% 399
\BOOKMARK [3][-]{subsubsection.10.20.2.1}{\376\377\000T\000u\000t\000o\000r\000i\000a\000l\000M\000a\000n\000a\000g\000e\000r\000\050\000\051}{subsection.10.20.2}% 400
\BOOKMARK [2][-]{subsection.10.20.3}{\376\377\000M\000e\000m\000b\000e\000r\000\040\000F\000u\000n\000c\000t\000i\000o\000n\000\040\000D\000o\000c\000u\000m\000e\000n\000t\000a\000t\000i\000o\000n}{section.10.20}% 401
\BOOKMARK [3][-]{subsubsection.10.20.3.1}{\376\377\000a\000d\000d\000S\000t\000e\000p\000\050\000\051}{subsection.10.20.3}% 402
\BOOKMARK [3][-]{subsubsection.10.20.3.2}{\376\377\000c\000l\000e\000a\000r\000S\000t\000e\000p\000s\000\050\000\051}{subsection.10.20.3}% 403
\BOOKMARK [3][-]{subsubsection.10.20.3.3}{\376\377\000e\000v\000e\000n\000t\000F\000i\000l\000t\000e\000r\000\050\000\051}{subsection.10.20.3}% 404
\BOOKMARK [3][-]{subsubsection.10.20.3.4}{\376\377\000f\000i\000n\000i\000s\000h\000L\000L\0001\000\050\000\051}{subsection.10.20.3}% 405
\BOOKMARK [3][-]{subsubsection.10.20.3.5}{\376\377\000f\000i\000n\000i\000s\000h\000S\000L\000R\0001\000\050\000\051}{subsection.10.20.3}% 406
\BOOKMARK [3][-]{subsubsection.10.20.3.6}{\376\377\000h\000i\000d\000e\000O\000v\000e\000r\000l\000a\000y\000\050\000\051}{subsection.10.20.3}% 407
\BOOKMARK [3][-]{subsubsection.10.20.3.7}{\376\377\000l\000l\0001\000F\000i\000n\000i\000s\000h\000e\000d}{subsection.10.20.3}% 408
\BOOKMARK [3][-]{subsubsection.10.20.3.8}{\376\377\000n\000e\000x\000t\000S\000t\000e\000p}{subsection.10.20.3}% 409
\BOOKMARK [3][-]{subsubsection.10.20.3.9}{\376\377\000s\000e\000t\000R\000o\000o\000t\000W\000i\000n\000d\000o\000w\000\050\000\051}{subsection.10.20.3}% 410
\BOOKMARK [3][-]{subsubsection.10.20.3.10}{\376\377\000s\000l\000r\0001\000F\000i\000n\000i\000s\000h\000e\000d}{subsection.10.20.3}% 411
\BOOKMARK [3][-]{subsubsection.10.20.3.11}{\376\377\000s\000t\000a\000r\000t\000\050\000\051}{subsection.10.20.3}% 412
\BOOKMARK [3][-]{subsubsection.10.20.3.12}{\376\377\000s\000t\000e\000p\000S\000t\000a\000r\000t\000e\000d}{subsection.10.20.3}% 413
\BOOKMARK [3][-]{subsubsection.10.20.3.13}{\376\377\000t\000u\000t\000o\000r\000i\000a\000l\000F\000i\000n\000i\000s\000h\000e\000d}{subsection.10.20.3}% 414
\BOOKMARK [1][-]{section.10.21}{\376\377\000T\000u\000t\000o\000r\000i\000a\000l\000S\000t\000e\000p\000\040\000S\000t\000r\000u\000c\000t\000\040\000R\000e\000f\000e\000r\000e\000n\000c\000e}{chapter.10}% 415
\BOOKMARK [2][-]{subsection.10.21.1}{\376\377\000D\000e\000t\000a\000i\000l\000e\000d\000\040\000D\000e\000s\000c\000r\000i\000p\000t\000i\000o\000n}{section.10.21}% 416
\BOOKMARK [2][-]{subsection.10.21.2}{\376\377\000M\000e\000m\000b\000e\000r\000\040\000D\000a\000t\000a\000\040\000D\000o\000c\000u\000m\000e\000n\000t\000a\000t\000i\000o\000n}{section.10.21}% 417
\BOOKMARK [3][-]{subsubsection.10.21.2.1}{\376\377\000h\000t\000m\000l\000T\000e\000x\000t}{subsection.10.21.2}% 418
\BOOKMARK [3][-]{subsubsection.10.21.2.2}{\376\377\000t\000a\000r\000g\000e\000t}{subsection.10.21.2}% 419
\BOOKMARK [1][-]{section.10.22}{\376\377\000U\000n\000i\000q\000u\000e\000Q\000u\000e\000u\000e\000<\000\040\000T\000\040\000>\000\040\000C\000l\000a\000s\000s\000\040\000T\000e\000m\000p\000l\000a\000t\000e\000\040\000R\000e\000f\000e\000r\000e\000n\000c\000e}{chapter.10}% 420
\BOOKMARK [2][-]{subsection.10.22.1}{\376\377\000D\000e\000t\000a\000i\000l\000e\000d\000\040\000D\000e\000s\000c\000r\000i\000p\000t\000i\000o\000n}{section.10.22}% 421
\BOOKMARK [2][-]{subsection.10.22.2}{\376\377\000M\000e\000m\000b\000e\000r\000\040\000F\000u\000n\000c\000t\000i\000o\000n\000\040\000D\000o\000c\000u\000m\000e\000n\000t\000a\000t\000i\000o\000n}{section.10.22}% 422
\BOOKMARK [3][-]{subsubsection.10.22.2.1}{\376\377\000c\000l\000e\000a\000r\000\050\000\051}{subsection.10.22.2}% 423
\BOOKMARK [3][-]{subsubsection.10.22.2.2}{\376\377\000e\000m\000p\000t\000y\000\050\000\051}{subsection.10.22.2}% 424
\BOOKMARK [3][-]{subsubsection.10.22.2.3}{\376\377\000f\000r\000o\000n\000t\000\050\000\051}{subsection.10.22.2}% 425
\BOOKMARK [3][-]{subsubsection.10.22.2.4}{\376\377\000p\000o\000p\000\050\000\051}{subsection.10.22.2}% 426
\BOOKMARK [3][-]{subsubsection.10.22.2.5}{\376\377\000p\000u\000s\000h\000\050\000\051}{subsection.10.22.2}% 427
\BOOKMARK [0][-]{chapter.11}{\376\377\000F\000i\000l\000e\000\040\000D\000o\000c\000u\000m\000e\000n\000t\000a\000t\000i\000o\000n}{}% 428
\BOOKMARK [1][-]{section.11.1}{\376\377\000a\000p\000p\000v\000e\000r\000s\000i\000o\000n\000.\000h\000\040\000F\000i\000l\000e\000\040\000R\000e\000f\000e\000r\000e\000n\000c\000e}{chapter.11}% 429
\BOOKMARK [1][-]{section.11.2}{\376\377\000a\000p\000p\000v\000e\000r\000s\000i\000o\000n\000.\000h}{chapter.11}% 430
\BOOKMARK [1][-]{section.11.3}{\376\377\000b\000a\000c\000k\000e\000n\000d\000/\000g\000r\000a\000m\000m\000a\000r\000.\000c\000p\000p\000\040\000F\000i\000l\000e\000\040\000R\000e\000f\000e\000r\000e\000n\000c\000e}{chapter.11}% 431
\BOOKMARK [1][-]{section.11.4}{\376\377\000b\000a\000c\000k\000e\000n\000d\000/\000g\000r\000a\000m\000m\000a\000r\000.\000h\000p\000p\000\040\000F\000i\000l\000e\000\040\000R\000e\000f\000e\000r\000e\000n\000c\000e}{chapter.11}% 432
\BOOKMARK [2][-]{subsection.11.4.1}{\376\377\000T\000y\000p\000e\000d\000e\000f\000\040\000D\000o\000c\000u\000m\000e\000n\000t\000a\000t\000i\000o\000n}{section.11.4}% 433
\BOOKMARK [3][-]{subsubsection.11.4.1.1}{\376\377\000p\000r\000o\000d\000u\000c\000t\000i\000o\000n}{subsection.11.4.1}% 434
\BOOKMARK [1][-]{section.11.5}{\376\377\000g\000r\000a\000m\000m\000a\000r\000.\000h\000p\000p}{chapter.11}% 435
\BOOKMARK [1][-]{section.11.6}{\376\377\000b\000a\000c\000k\000e\000n\000d\000/\000g\000r\000a\000m\000m\000a\000r\000\137\000f\000a\000c\000t\000o\000r\000y\000.\000c\000p\000p\000\040\000F\000i\000l\000e\000\040\000R\000e\000f\000e\000r\000e\000n\000c\000e}{chapter.11}% 436
\BOOKMARK [1][-]{section.11.7}{\376\377\000b\000a\000c\000k\000e\000n\000d\000/\000g\000r\000a\000m\000m\000a\000r\000\137\000f\000a\000c\000t\000o\000r\000y\000.\000h\000p\000p\000\040\000F\000i\000l\000e\000\040\000R\000e\000f\000e\000r\000e\000n\000c\000e}{chapter.11}% 437
\BOOKMARK [1][-]{section.11.8}{\376\377\000g\000r\000a\000m\000m\000a\000r\000\137\000f\000a\000c\000t\000o\000r\000y\000.\000h\000p\000p}{chapter.11}% 438
\BOOKMARK [1][-]{section.11.9}{\376\377\000b\000a\000c\000k\000e\000n\000d\000/\000l\000l\0001\000\137\000p\000a\000r\000s\000e\000r\000.\000c\000p\000p\000\040\000F\000i\000l\000e\000\040\000R\000e\000f\000e\000r\000e\000n\000c\000e}{chapter.11}% 439
\BOOKMARK [1][-]{section.11.10}{\376\377\000b\000a\000c\000k\000e\000n\000d\000/\000l\000l\0001\000\137\000p\000a\000r\000s\000e\000r\000.\000h\000p\000p\000\040\000F\000i\000l\000e\000\040\000R\000e\000f\000e\000r\000e\000n\000c\000e}{chapter.11}% 440
\BOOKMARK [1][-]{section.11.11}{\376\377\000l\000l\0001\000\137\000p\000a\000r\000s\000e\000r\000.\000h\000p\000p}{chapter.11}% 441
\BOOKMARK [1][-]{section.11.12}{\376\377\000b\000a\000c\000k\000e\000n\000d\000/\000l\000r\0000\000\137\000i\000t\000e\000m\000.\000c\000p\000p\000\040\000F\000i\000l\000e\000\040\000R\000e\000f\000e\000r\000e\000n\000c\000e}{chapter.11}% 442
\BOOKMARK [1][-]{section.11.13}{\376\377\000b\000a\000c\000k\000e\000n\000d\000/\000l\000r\0000\000\137\000i\000t\000e\000m\000.\000h\000p\000p\000\040\000F\000i\000l\000e\000\040\000R\000e\000f\000e\000r\000e\000n\000c\000e}{chapter.11}% 443
\BOOKMARK [1][-]{section.11.14}{\376\377\000l\000r\0000\000\137\000i\000t\000e\000m\000.\000h\000p\000p}{chapter.11}% 444
\BOOKMARK [1][-]{section.11.15}{\376\377\000b\000a\000c\000k\000e\000n\000d\000/\000s\000l\000r\0001\000\137\000p\000a\000r\000s\000e\000r\000.\000c\000p\000p\000\040\000F\000i\000l\000e\000\040\000R\000e\000f\000e\000r\000e\000n\000c\000e}{chapter.11}% 445
\BOOKMARK [1][-]{section.11.16}{\376\377\000b\000a\000c\000k\000e\000n\000d\000/\000s\000l\000r\0001\000\137\000p\000a\000r\000s\000e\000r\000.\000h\000p\000p\000\040\000F\000i\000l\000e\000\040\000R\000e\000f\000e\000r\000e\000n\000c\000e}{chapter.11}% 446
\BOOKMARK [1][-]{section.11.17}{\376\377\000s\000l\000r\0001\000\137\000p\000a\000r\000s\000e\000r\000.\000h\000p\000p}{chapter.11}% 447
\BOOKMARK [1][-]{section.11.18}{\376\377\000b\000a\000c\000k\000e\000n\000d\000/\000s\000t\000a\000t\000e\000.\000h\000p\000p\000\040\000F\000i\000l\000e\000\040\000R\000e\000f\000e\000r\000e\000n\000c\000e}{chapter.11}% 448
\BOOKMARK [1][-]{section.11.19}{\376\377\000s\000t\000a\000t\000e\000.\000h\000p\000p}{chapter.11}% 449
\BOOKMARK [1][-]{section.11.20}{\376\377\000b\000a\000c\000k\000e\000n\000d\000/\000s\000y\000m\000b\000o\000l\000\137\000t\000a\000b\000l\000e\000.\000c\000p\000p\000\040\000F\000i\000l\000e\000\040\000R\000e\000f\000e\000r\000e\000n\000c\000e}{chapter.11}% 450
\BOOKMARK [1][-]{section.11.21}{\376\377\000b\000a\000c\000k\000e\000n\000d\000/\000s\000y\000m\000b\000o\000l\000\137\000t\000a\000b\000l\000e\000.\000h\000p\000p\000\040\000F\000i\000l\000e\000\040\000R\000e\000f\000e\000r\000e\000n\000c\000e}{chapter.11}% 451
\BOOKMARK [2][-]{subsection.11.21.1}{\376\377\000E\000n\000u\000m\000e\000r\000a\000t\000i\000o\000n\000\040\000T\000y\000p\000e\000\040\000D\000o\000c\000u\000m\000e\000n\000t\000a\000t\000i\000o\000n}{section.11.21}% 452
\BOOKMARK [3][-]{subsubsection.11.21.1.1}{\376\377\000s\000y\000m\000b\000o\000l\000\137\000t\000y\000p\000e}{subsection.11.21.1}% 453
\BOOKMARK [1][-]{section.11.22}{\376\377\000s\000y\000m\000b\000o\000l\000\137\000t\000a\000b\000l\000e\000.\000h\000p\000p}{chapter.11}% 454
\BOOKMARK [1][-]{section.11.23}{\376\377\000C\000H\000A\000N\000G\000E\000L\000O\000G\000.\000m\000d\000\040\000F\000i\000l\000e\000\040\000R\000e\000f\000e\000r\000e\000n\000c\000e}{chapter.11}% 455
\BOOKMARK [1][-]{section.11.24}{\376\377\000c\000u\000s\000t\000o\000m\000t\000e\000x\000t\000e\000d\000i\000t\000.\000c\000p\000p\000\040\000F\000i\000l\000e\000\040\000R\000e\000f\000e\000r\000e\000n\000c\000e}{chapter.11}% 456
\BOOKMARK [1][-]{section.11.25}{\376\377\000c\000u\000s\000t\000o\000m\000t\000e\000x\000t\000e\000d\000i\000t\000.\000h\000\040\000F\000i\000l\000e\000\040\000R\000e\000f\000e\000r\000e\000n\000c\000e}{chapter.11}% 457
\BOOKMARK [1][-]{section.11.26}{\376\377\000c\000u\000s\000t\000o\000m\000t\000e\000x\000t\000e\000d\000i\000t\000.\000h}{chapter.11}% 458
\BOOKMARK [1][-]{section.11.27}{\376\377\000l\000l\000t\000a\000b\000l\000e\000d\000i\000a\000l\000o\000g\000.\000c\000p\000p\000\040\000F\000i\000l\000e\000\040\000R\000e\000f\000e\000r\000e\000n\000c\000e}{chapter.11}% 459
\BOOKMARK [1][-]{section.11.28}{\376\377\000l\000l\000t\000a\000b\000l\000e\000d\000i\000a\000l\000o\000g\000.\000h\000\040\000F\000i\000l\000e\000\040\000R\000e\000f\000e\000r\000e\000n\000c\000e}{chapter.11}% 460
\BOOKMARK [1][-]{section.11.29}{\376\377\000l\000l\000t\000a\000b\000l\000e\000d\000i\000a\000l\000o\000g\000.\000h}{chapter.11}% 461
\BOOKMARK [1][-]{section.11.30}{\376\377\000l\000l\000t\000u\000t\000o\000r\000w\000i\000n\000d\000o\000w\000.\000c\000p\000p\000\040\000F\000i\000l\000e\000\040\000R\000e\000f\000e\000r\000e\000n\000c\000e}{chapter.11}% 462
\BOOKMARK [1][-]{section.11.31}{\376\377\000l\000l\000t\000u\000t\000o\000r\000w\000i\000n\000d\000o\000w\000.\000h\000\040\000F\000i\000l\000e\000\040\000R\000e\000f\000e\000r\000e\000n\000c\000e}{chapter.11}% 463
\BOOKMARK [2][-]{subsection.11.31.1}{\376\377\000E\000n\000u\000m\000e\000r\000a\000t\000i\000o\000n\000\040\000T\000y\000p\000e\000\040\000D\000o\000c\000u\000m\000e\000n\000t\000a\000t\000i\000o\000n}{section.11.31}% 464
\BOOKMARK [3][-]{subsubsection.11.31.1.1}{\376\377\000S\000t\000a\000t\000e}{subsection.11.31.1}% 465
\BOOKMARK [1][-]{section.11.32}{\376\377\000l\000l\000t\000u\000t\000o\000r\000w\000i\000n\000d\000o\000w\000.\000h}{chapter.11}% 466
\BOOKMARK [1][-]{section.11.33}{\376\377\000m\000a\000i\000n\000.\000c\000p\000p\000\040\000F\000i\000l\000e\000\040\000R\000e\000f\000e\000r\000e\000n\000c\000e}{chapter.11}% 467
\BOOKMARK [2][-]{subsection.11.33.1}{\376\377\000F\000u\000n\000c\000t\000i\000o\000n\000\040\000D\000o\000c\000u\000m\000e\000n\000t\000a\000t\000i\000o\000n}{section.11.33}% 468
\BOOKMARK [3][-]{subsubsection.11.33.1.1}{\376\377\000l\000o\000a\000d\000F\000o\000n\000t\000s\000\050\000\051}{subsection.11.33.1}% 469
\BOOKMARK [3][-]{subsubsection.11.33.1.2}{\376\377\000m\000a\000i\000n\000\050\000\051}{subsection.11.33.1}% 470
\BOOKMARK [1][-]{section.11.34}{\376\377\000m\000a\000i\000n\000w\000i\000n\000d\000o\000w\000.\000c\000p\000p\000\040\000F\000i\000l\000e\000\040\000R\000e\000f\000e\000r\000e\000n\000c\000e}{chapter.11}% 471
\BOOKMARK [1][-]{section.11.35}{\376\377\000m\000a\000i\000n\000w\000i\000n\000d\000o\000w\000.\000h\000\040\000F\000i\000l\000e\000\040\000R\000e\000f\000e\000r\000e\000n\000c\000e}{chapter.11}% 472
\BOOKMARK [1][-]{section.11.36}{\376\377\000m\000a\000i\000n\000w\000i\000n\000d\000o\000w\000.\000h}{chapter.11}% 473
\BOOKMARK [1][-]{section.11.37}{\376\377\000R\000E\000A\000D\000M\000E\000.\000m\000d\000\040\000F\000i\000l\000e\000\040\000R\000e\000f\000e\000r\000e\000n\000c\000e}{chapter.11}% 474
\BOOKMARK [1][-]{section.11.38}{\376\377\000s\000l\000r\000t\000a\000b\000l\000e\000d\000i\000a\000l\000o\000g\000.\000c\000p\000p\000\040\000F\000i\000l\000e\000\040\000R\000e\000f\000e\000r\000e\000n\000c\000e}{chapter.11}% 475
\BOOKMARK [1][-]{section.11.39}{\376\377\000s\000l\000r\000t\000a\000b\000l\000e\000d\000i\000a\000l\000o\000g\000.\000h\000\040\000F\000i\000l\000e\000\040\000R\000e\000f\000e\000r\000e\000n\000c\000e}{chapter.11}% 476
\BOOKMARK [1][-]{section.11.40}{\376\377\000s\000l\000r\000t\000a\000b\000l\000e\000d\000i\000a\000l\000o\000g\000.\000h}{chapter.11}% 477
\BOOKMARK [1][-]{section.11.41}{\376\377\000s\000l\000r\000t\000u\000t\000o\000r\000w\000i\000n\000d\000o\000w\000.\000c\000p\000p\000\040\000F\000i\000l\000e\000\040\000R\000e\000f\000e\000r\000e\000n\000c\000e}{chapter.11}% 478
\BOOKMARK [1][-]{section.11.42}{\376\377\000s\000l\000r\000t\000u\000t\000o\000r\000w\000i\000n\000d\000o\000w\000.\000h\000\040\000F\000i\000l\000e\000\040\000R\000e\000f\000e\000r\000e\000n\000c\000e}{chapter.11}% 479
\BOOKMARK [2][-]{subsection.11.42.1}{\376\377\000E\000n\000u\000m\000e\000r\000a\000t\000i\000o\000n\000\040\000T\000y\000p\000e\000\040\000D\000o\000c\000u\000m\000e\000n\000t\000a\000t\000i\000o\000n}{section.11.42}% 480
\BOOKMARK [3][-]{subsubsection.11.42.1.1}{\376\377\000S\000t\000a\000t\000e\000S\000l\000r}{subsection.11.42.1}% 481
\BOOKMARK [1][-]{section.11.43}{\376\377\000s\000l\000r\000t\000u\000t\000o\000r\000w\000i\000n\000d\000o\000w\000.\000h}{chapter.11}% 482
\BOOKMARK [1][-]{section.11.44}{\376\377\000s\000l\000r\000w\000i\000z\000a\000r\000d\000.\000h\000\040\000F\000i\000l\000e\000\040\000R\000e\000f\000e\000r\000e\000n\000c\000e}{chapter.11}% 483
\BOOKMARK [1][-]{section.11.45}{\376\377\000s\000l\000r\000w\000i\000z\000a\000r\000d\000.\000h}{chapter.11}% 484
\BOOKMARK [1][-]{section.11.46}{\376\377\000s\000l\000r\000w\000i\000z\000a\000r\000d\000p\000a\000g\000e\000.\000h\000\040\000F\000i\000l\000e\000\040\000R\000e\000f\000e\000r\000e\000n\000c\000e}{chapter.11}% 485
\BOOKMARK [1][-]{section.11.47}{\376\377\000s\000l\000r\000w\000i\000z\000a\000r\000d\000p\000a\000g\000e\000.\000h}{chapter.11}% 486
\BOOKMARK [1][-]{section.11.48}{\376\377\000t\000u\000t\000o\000r\000i\000a\000l\000m\000a\000n\000a\000g\000e\000r\000.\000c\000p\000p\000\040\000F\000i\000l\000e\000\040\000R\000e\000f\000e\000r\000e\000n\000c\000e}{chapter.11}% 487
\BOOKMARK [1][-]{section.11.49}{\376\377\000t\000u\000t\000o\000r\000i\000a\000l\000m\000a\000n\000a\000g\000e\000r\000.\000h\000\040\000F\000i\000l\000e\000\040\000R\000e\000f\000e\000r\000e\000n\000c\000e}{chapter.11}% 488
\BOOKMARK [1][-]{section.11.50}{\376\377\000t\000u\000t\000o\000r\000i\000a\000l\000m\000a\000n\000a\000g\000e\000r\000.\000h}{chapter.11}% 489
\BOOKMARK [1][-]{section.11.51}{\376\377\000U\000n\000i\000q\000u\000e\000Q\000u\000e\000u\000e\000.\000h\000\040\000F\000i\000l\000e\000\040\000R\000e\000f\000e\000r\000e\000n\000c\000e}{chapter.11}% 490
\BOOKMARK [1][-]{section.11.52}{\376\377\000U\000n\000i\000q\000u\000e\000Q\000u\000e\000u\000e\000.\000h}{chapter.11}% 491
\BOOKMARK [0][-]{section*.299}{\376\377\000I\000n\000d\000e\000x}{}% 492
